[INFO ] 24-10-14 15:30:26 [LoggerApplication:50] - Starting LoggerApplication using Java 17.0.2 with PID 19372 (D:\hyeon\08_Spring\02_logger\build\classes\java\main started by user in D:\hyeon\08_Spring\02_logger)
[DEBUG] 24-10-14 15:30:26 [LoggerApplication:51] - Running with Spring Boot v3.3.4, Spring v6.1.13
[INFO ] 24-10-14 15:30:26 [LoggerApplication:654] - No active profile set, falling back to 1 default profile: "default"
[INFO ] 24-10-14 15:30:28 [LoggerApplication:56] - Started LoggerApplication in 2.769 seconds (process running for 3.603)
[INFO ] 24-10-14 15:30:43 [HomeController:27] - >>>> Proxy-Client-IP : null
[INFO ] 24-10-14 15:30:43 [HomeController:31] - >>>> WL-Proxy-Client-IP : null
[INFO ] 24-10-14 15:30:43 [HomeController:35] - >>>> HTTP_CLIENT_IP : null
[INFO ] 24-10-14 15:30:43 [HomeController:39] - >>>> HTTP_X_FORWARDED_FOR : null
[DEBUG] 24-10-14 15:30:43 [HomeController:46] - >>>> Client IP : 0:0:0:0:0:0:0:1
[DEBUG] 24-10-14 15:30:43 [HomeController:52] - >>>> User-Agent : Mozilla/5.0 (Windows NT 10.0; Win64; x64) AppleWebKit/537.36 (KHTML, like Gecko) Chrome/129.0.0.0 Safari/537.36
[DEBUG] 24-10-14 15:30:44 [HomeController:61] - >>>> User-Agent : {"user_agent": {"family": "Chrome", "major": "129", "minor": "0", "patch": "0"}, "os": {"family": "Windows", "major": "10", "minor": "", "patch": "", "patch_minor": ""}, "device": {"family": "Other"}}
[DEBUG] 24-10-14 15:30:44 [HomeController:68] - browserFamily : Chrome
[DEBUG] 24-10-14 15:30:44 [HomeController:69] - browserMajor : 129
[DEBUG] 24-10-14 15:30:44 [HomeController:70] - browserMinor : 0
[DEBUG] 24-10-14 15:30:44 [HomeController:77] - osFamily : Windows
[DEBUG] 24-10-14 15:30:44 [HomeController:78] - osMajor : 10
[DEBUG] 24-10-14 15:30:44 [HomeController:79] - osMinor : null
[DEBUG] 24-10-14 15:30:44 [HomeController:83] - deviceFamily : Other
[INFO ] 24-10-14 15:56:08 [LoggerApplication:50] - Starting LoggerApplication using Java 17.0.2 with PID 20244 (D:\hyeon\08_Spring\02_logger\build\classes\java\main started by user in D:\hyeon\08_Spring\02_logger)
[DEBUG] 24-10-14 15:56:08 [LoggerApplication:51] - Running with Spring Boot v3.3.4, Spring v6.1.13
[INFO ] 24-10-14 15:56:08 [LoggerApplication:654] - No active profile set, falling back to 1 default profile: "default"
[INFO ] 24-10-14 15:56:10 [LoggerApplication:56] - Started LoggerApplication in 3.217 seconds (process running for 4.368)
[INFO ] 24-10-14 15:56:19 [HomeController:27] - >>>> Proxy-Client-IP : null
[INFO ] 24-10-14 15:56:19 [HomeController:31] - >>>> WL-Proxy-Client-IP : null
[INFO ] 24-10-14 15:56:19 [HomeController:35] - >>>> HTTP_CLIENT_IP : null
[INFO ] 24-10-14 15:56:19 [HomeController:39] - >>>> HTTP_X_FORWARDED_FOR : null
[DEBUG] 24-10-14 15:56:19 [HomeController:46] - >>>> Client IP : 0:0:0:0:0:0:0:1
[DEBUG] 24-10-14 15:56:19 [HomeController:52] - >>>> User-Agent : Mozilla/5.0 (Windows NT 10.0; Win64; x64) AppleWebKit/537.36 (KHTML, like Gecko) Chrome/129.0.0.0 Safari/537.36
[DEBUG] 24-10-14 15:56:19 [HomeController:61] - >>>> User-Agent : {"user_agent": {"family": "Chrome", "major": "129", "minor": "0", "patch": "0"}, "os": {"family": "Windows", "major": "10", "minor": "", "patch": "", "patch_minor": ""}, "device": {"family": "Other"}}
[DEBUG] 24-10-14 15:56:19 [HomeController:68] - browserFamily : Chrome
[DEBUG] 24-10-14 15:56:19 [HomeController:69] - browserMajor : 129
[DEBUG] 24-10-14 15:56:19 [HomeController:70] - browserMinor : 0
[DEBUG] 24-10-14 15:56:19 [HomeController:77] - osFamily : Windows
[DEBUG] 24-10-14 15:56:19 [HomeController:78] - osMajor : 10
[DEBUG] 24-10-14 15:56:19 [HomeController:79] - osMinor : null
[DEBUG] 24-10-14 15:56:19 [HomeController:83] - deviceFamily : Other
[INFO ] 24-10-14 15:56:28 [HomeController:27] - >>>> Proxy-Client-IP : null
[INFO ] 24-10-14 15:56:28 [HomeController:31] - >>>> WL-Proxy-Client-IP : null
[INFO ] 24-10-14 15:56:28 [HomeController:35] - >>>> HTTP_CLIENT_IP : null
[INFO ] 24-10-14 15:56:28 [HomeController:39] - >>>> HTTP_X_FORWARDED_FOR : null
[DEBUG] 24-10-14 15:56:28 [HomeController:46] - >>>> Client IP : 192.168.10.185
[DEBUG] 24-10-14 15:56:28 [HomeController:52] - >>>> User-Agent : Mozilla/5.0 (Windows NT 10.0; Win64; x64) AppleWebKit/537.36 (KHTML, like Gecko) Chrome/129.0.0.0 Safari/537.36
[DEBUG] 24-10-14 15:56:28 [HomeController:61] - >>>> User-Agent : {"user_agent": {"family": "Chrome", "major": "129", "minor": "0", "patch": "0"}, "os": {"family": "Windows", "major": "10", "minor": "", "patch": "", "patch_minor": ""}, "device": {"family": "Other"}}
[DEBUG] 24-10-14 15:56:28 [HomeController:68] - browserFamily : Chrome
[DEBUG] 24-10-14 15:56:28 [HomeController:69] - browserMajor : 129
[DEBUG] 24-10-14 15:56:28 [HomeController:70] - browserMinor : 0
[DEBUG] 24-10-14 15:56:28 [HomeController:77] - osFamily : Windows
[DEBUG] 24-10-14 15:56:28 [HomeController:78] - osMajor : 10
[DEBUG] 24-10-14 15:56:28 [HomeController:79] - osMinor : null
[DEBUG] 24-10-14 15:56:28 [HomeController:83] - deviceFamily : Other
[INFO ] 24-10-14 15:56:49 [HomeController:27] - >>>> Proxy-Client-IP : null
[INFO ] 24-10-14 15:56:49 [HomeController:31] - >>>> WL-Proxy-Client-IP : null
[INFO ] 24-10-14 15:56:49 [HomeController:35] - >>>> HTTP_CLIENT_IP : null
[INFO ] 24-10-14 15:56:49 [HomeController:39] - >>>> HTTP_X_FORWARDED_FOR : null
[DEBUG] 24-10-14 15:56:49 [HomeController:46] - >>>> Client IP : 192.168.10.185
[DEBUG] 24-10-14 15:56:49 [HomeController:52] - >>>> User-Agent : Mozilla/5.0 (Windows NT 10.0; Win64; x64) AppleWebKit/537.36 (KHTML, like Gecko) Chrome/129.0.0.0 Safari/537.36
[DEBUG] 24-10-14 15:56:49 [HomeController:61] - >>>> User-Agent : {"user_agent": {"family": "Chrome", "major": "129", "minor": "0", "patch": "0"}, "os": {"family": "Windows", "major": "10", "minor": "", "patch": "", "patch_minor": ""}, "device": {"family": "Other"}}
[DEBUG] 24-10-14 15:56:49 [HomeController:68] - browserFamily : Chrome
[DEBUG] 24-10-14 15:56:49 [HomeController:69] - browserMajor : 129
[DEBUG] 24-10-14 15:56:49 [HomeController:70] - browserMinor : 0
[DEBUG] 24-10-14 15:56:49 [HomeController:77] - osFamily : Windows
[DEBUG] 24-10-14 15:56:49 [HomeController:78] - osMajor : 10
[DEBUG] 24-10-14 15:56:49 [HomeController:79] - osMinor : null
[DEBUG] 24-10-14 15:56:49 [HomeController:83] - deviceFamily : Other
[INFO ] 24-10-14 15:57:38 [HomeController:27] - >>>> Proxy-Client-IP : null
[INFO ] 24-10-14 15:57:38 [HomeController:31] - >>>> WL-Proxy-Client-IP : null
[INFO ] 24-10-14 15:57:38 [HomeController:35] - >>>> HTTP_CLIENT_IP : null
[INFO ] 24-10-14 15:57:38 [HomeController:39] - >>>> HTTP_X_FORWARDED_FOR : null
[DEBUG] 24-10-14 15:57:38 [HomeController:46] - >>>> Client IP : 192.168.10.185
[DEBUG] 24-10-14 15:57:38 [HomeController:52] - >>>> User-Agent : Mozilla/5.0 (Windows NT 10.0; Win64; x64) AppleWebKit/537.36 (KHTML, like Gecko) Chrome/129.0.0.0 Safari/537.36
[DEBUG] 24-10-14 15:57:39 [HomeController:61] - >>>> User-Agent : {"user_agent": {"family": "Chrome", "major": "129", "minor": "0", "patch": "0"}, "os": {"family": "Windows", "major": "10", "minor": "", "patch": "", "patch_minor": ""}, "device": {"family": "Other"}}
[DEBUG] 24-10-14 15:57:39 [HomeController:68] - browserFamily : Chrome
[DEBUG] 24-10-14 15:57:39 [HomeController:69] - browserMajor : 129
[DEBUG] 24-10-14 15:57:39 [HomeController:70] - browserMinor : 0
[DEBUG] 24-10-14 15:57:39 [HomeController:77] - osFamily : Windows
[DEBUG] 24-10-14 15:57:39 [HomeController:78] - osMajor : 10
[DEBUG] 24-10-14 15:57:39 [HomeController:79] - osMinor : null
[DEBUG] 24-10-14 15:57:39 [HomeController:83] - deviceFamily : Other
[INFO ] 24-10-14 15:57:40 [HomeController:27] - >>>> Proxy-Client-IP : null
[INFO ] 24-10-14 15:57:40 [HomeController:31] - >>>> WL-Proxy-Client-IP : null
[INFO ] 24-10-14 15:57:40 [HomeController:35] - >>>> HTTP_CLIENT_IP : null
[INFO ] 24-10-14 15:57:40 [HomeController:39] - >>>> HTTP_X_FORWARDED_FOR : null
[DEBUG] 24-10-14 15:57:40 [HomeController:46] - >>>> Client IP : 192.168.10.185
[DEBUG] 24-10-14 15:57:40 [HomeController:52] - >>>> User-Agent : Mozilla/5.0 (Windows NT 10.0; Win64; x64) AppleWebKit/537.36 (KHTML, like Gecko) Chrome/129.0.0.0 Safari/537.36
[DEBUG] 24-10-14 15:57:40 [HomeController:61] - >>>> User-Agent : {"user_agent": {"family": "Chrome", "major": "129", "minor": "0", "patch": "0"}, "os": {"family": "Windows", "major": "10", "minor": "", "patch": "", "patch_minor": ""}, "device": {"family": "Other"}}
[DEBUG] 24-10-14 15:57:40 [HomeController:68] - browserFamily : Chrome
[DEBUG] 24-10-14 15:57:40 [HomeController:69] - browserMajor : 129
[DEBUG] 24-10-14 15:57:40 [HomeController:70] - browserMinor : 0
[DEBUG] 24-10-14 15:57:40 [HomeController:77] - osFamily : Windows
[DEBUG] 24-10-14 15:57:40 [HomeController:78] - osMajor : 10
[DEBUG] 24-10-14 15:57:40 [HomeController:79] - osMinor : null
[DEBUG] 24-10-14 15:57:40 [HomeController:83] - deviceFamily : Other
[INFO ] 24-10-14 15:57:43 [HomeController:27] - >>>> Proxy-Client-IP : null
[INFO ] 24-10-14 15:57:43 [HomeController:31] - >>>> WL-Proxy-Client-IP : null
[INFO ] 24-10-14 15:57:43 [HomeController:35] - >>>> HTTP_CLIENT_IP : null
[INFO ] 24-10-14 15:57:43 [HomeController:39] - >>>> HTTP_X_FORWARDED_FOR : null
[DEBUG] 24-10-14 15:57:43 [HomeController:46] - >>>> Client IP : 192.168.10.185
[DEBUG] 24-10-14 15:57:43 [HomeController:52] - >>>> User-Agent : Mozilla/5.0 (Windows NT 10.0; Win64; x64) AppleWebKit/537.36 (KHTML, like Gecko) Chrome/129.0.0.0 Safari/537.36
[DEBUG] 24-10-14 15:57:43 [HomeController:61] - >>>> User-Agent : {"user_agent": {"family": "Chrome", "major": "129", "minor": "0", "patch": "0"}, "os": {"family": "Windows", "major": "10", "minor": "", "patch": "", "patch_minor": ""}, "device": {"family": "Other"}}
[DEBUG] 24-10-14 15:57:43 [HomeController:68] - browserFamily : Chrome
[DEBUG] 24-10-14 15:57:43 [HomeController:69] - browserMajor : 129
[DEBUG] 24-10-14 15:57:43 [HomeController:70] - browserMinor : 0
[DEBUG] 24-10-14 15:57:43 [HomeController:77] - osFamily : Windows
[DEBUG] 24-10-14 15:57:43 [HomeController:78] - osMajor : 10
[DEBUG] 24-10-14 15:57:43 [HomeController:79] - osMinor : null
[DEBUG] 24-10-14 15:57:43 [HomeController:83] - deviceFamily : Other
[INFO ] 24-10-14 15:58:01 [HomeController:27] - >>>> Proxy-Client-IP : null
[INFO ] 24-10-14 15:58:01 [HomeController:31] - >>>> WL-Proxy-Client-IP : null
[INFO ] 24-10-14 15:58:01 [HomeController:35] - >>>> HTTP_CLIENT_IP : null
[INFO ] 24-10-14 15:58:01 [HomeController:39] - >>>> HTTP_X_FORWARDED_FOR : null
[DEBUG] 24-10-14 15:58:01 [HomeController:46] - >>>> Client IP : 192.168.10.185
[DEBUG] 24-10-14 15:58:01 [HomeController:52] - >>>> User-Agent : Mozilla/5.0 (Windows NT 10.0; Win64; x64) AppleWebKit/537.36 (KHTML, like Gecko) Chrome/129.0.0.0 Safari/537.36
[DEBUG] 24-10-14 15:58:01 [HomeController:61] - >>>> User-Agent : {"user_agent": {"family": "Chrome", "major": "129", "minor": "0", "patch": "0"}, "os": {"family": "Windows", "major": "10", "minor": "", "patch": "", "patch_minor": ""}, "device": {"family": "Other"}}
[DEBUG] 24-10-14 15:58:01 [HomeController:68] - browserFamily : Chrome
[DEBUG] 24-10-14 15:58:01 [HomeController:69] - browserMajor : 129
[DEBUG] 24-10-14 15:58:01 [HomeController:70] - browserMinor : 0
[DEBUG] 24-10-14 15:58:01 [HomeController:77] - osFamily : Windows
[DEBUG] 24-10-14 15:58:01 [HomeController:78] - osMajor : 10
[DEBUG] 24-10-14 15:58:01 [HomeController:79] - osMinor : null
[DEBUG] 24-10-14 15:58:01 [HomeController:83] - deviceFamily : Other
[INFO ] 24-10-14 15:58:02 [HomeController:27] - >>>> Proxy-Client-IP : null
[INFO ] 24-10-14 15:58:02 [HomeController:31] - >>>> WL-Proxy-Client-IP : null
[INFO ] 24-10-14 15:58:02 [HomeController:35] - >>>> HTTP_CLIENT_IP : null
[INFO ] 24-10-14 15:58:02 [HomeController:39] - >>>> HTTP_X_FORWARDED_FOR : null
[DEBUG] 24-10-14 15:58:02 [HomeController:46] - >>>> Client IP : 192.168.10.185
[DEBUG] 24-10-14 15:58:02 [HomeController:52] - >>>> User-Agent : Mozilla/5.0 (Windows NT 10.0; Win64; x64) AppleWebKit/537.36 (KHTML, like Gecko) Chrome/129.0.0.0 Safari/537.36
[DEBUG] 24-10-14 15:58:02 [HomeController:61] - >>>> User-Agent : {"user_agent": {"family": "Chrome", "major": "129", "minor": "0", "patch": "0"}, "os": {"family": "Windows", "major": "10", "minor": "", "patch": "", "patch_minor": ""}, "device": {"family": "Other"}}
[DEBUG] 24-10-14 15:58:02 [HomeController:68] - browserFamily : Chrome
[DEBUG] 24-10-14 15:58:02 [HomeController:69] - browserMajor : 129
[DEBUG] 24-10-14 15:58:02 [HomeController:70] - browserMinor : 0
[DEBUG] 24-10-14 15:58:02 [HomeController:77] - osFamily : Windows
[DEBUG] 24-10-14 15:58:02 [HomeController:78] - osMajor : 10
[DEBUG] 24-10-14 15:58:02 [HomeController:79] - osMinor : null
[DEBUG] 24-10-14 15:58:02 [HomeController:83] - deviceFamily : Other
[INFO ] 24-10-14 15:58:17 [LoggerApplication:50] - Starting LoggerApplication using Java 17.0.2 with PID 19364 (D:\hyeon\08_Spring\02_logger\build\classes\java\main started by user in D:\hyeon\08_Spring\02_logger)
[DEBUG] 24-10-14 15:58:17 [LoggerApplication:51] - Running with Spring Boot v3.3.4, Spring v6.1.13
[INFO ] 24-10-14 15:58:17 [LoggerApplication:654] - No active profile set, falling back to 1 default profile: "default"
[INFO ] 24-10-14 15:58:21 [LoggerApplication:56] - Started LoggerApplication in 4.987 seconds (process running for 5.874)
[INFO ] 24-10-14 15:59:04 [LoggerApplication:50] - Starting LoggerApplication using Java 17.0.2 with PID 20368 (D:\hyeon\08_Spring\02_logger\build\classes\java\main started by user in D:\hyeon\08_Spring\02_logger)
[DEBUG] 24-10-14 15:59:04 [LoggerApplication:51] - Running with Spring Boot v3.3.4, Spring v6.1.13
[INFO ] 24-10-14 15:59:04 [LoggerApplication:654] - No active profile set, falling back to 1 default profile: "default"
[INFO ] 24-10-14 15:59:14 [LoggerApplication:56] - Started LoggerApplication in 11.244 seconds (process running for 13.201)
[INFO ] 24-10-14 16:02:02 [LoggerApplication:50] - Starting LoggerApplication using Java 17.0.2 with PID 3940 (D:\hyeon\08_Spring\02_logger\build\classes\java\main started by user in D:\hyeon\08_Spring\02_logger)
[DEBUG] 24-10-14 16:02:02 [LoggerApplication:51] - Running with Spring Boot v3.3.4, Spring v6.1.13
[INFO ] 24-10-14 16:02:02 [LoggerApplication:654] - No active profile set, falling back to 1 default profile: "default"
[INFO ] 24-10-14 16:02:04 [LoggerApplication:56] - Started LoggerApplication in 2.734 seconds (process running for 3.524)
[INFO ] 24-10-14 16:03:04 [HomeController:27] - >>>> Proxy-Client-IP : null
[INFO ] 24-10-14 16:03:04 [HomeController:31] - >>>> WL-Proxy-Client-IP : null
[INFO ] 24-10-14 16:03:04 [HomeController:35] - >>>> HTTP_CLIENT_IP : null
[INFO ] 24-10-14 16:03:04 [HomeController:39] - >>>> HTTP_X_FORWARDED_FOR : null
[DEBUG] 24-10-14 16:03:04 [HomeController:46] - >>>> Client IP : 0:0:0:0:0:0:0:1
[DEBUG] 24-10-14 16:03:04 [HomeController:52] - >>>> User-Agent : Mozilla/5.0 (Windows NT 10.0; Win64; x64) AppleWebKit/537.36 (KHTML, like Gecko) Chrome/129.0.0.0 Safari/537.36
[DEBUG] 24-10-14 16:03:04 [HomeController:61] - >>>> User-Agent : {"user_agent": {"family": "Chrome", "major": "129", "minor": "0", "patch": "0"}, "os": {"family": "Windows", "major": "10", "minor": "", "patch": "", "patch_minor": ""}, "device": {"family": "Other"}}
[DEBUG] 24-10-14 16:03:04 [HomeController:68] - browserFamily : Chrome
[DEBUG] 24-10-14 16:03:04 [HomeController:69] - browserMajor : 129
[DEBUG] 24-10-14 16:03:04 [HomeController:70] - browserMinor : 0
[DEBUG] 24-10-14 16:03:04 [HomeController:77] - osFamily : Windows
[DEBUG] 24-10-14 16:03:04 [HomeController:78] - osMajor : 10
[DEBUG] 24-10-14 16:03:04 [HomeController:79] - osMinor : null
[DEBUG] 24-10-14 16:03:04 [HomeController:83] - deviceFamily : Other
[INFO ] 24-10-14 16:03:12 [HomeController:27] - >>>> Proxy-Client-IP : null
[INFO ] 24-10-14 16:03:12 [HomeController:31] - >>>> WL-Proxy-Client-IP : null
[INFO ] 24-10-14 16:03:12 [HomeController:35] - >>>> HTTP_CLIENT_IP : null
[INFO ] 24-10-14 16:03:12 [HomeController:39] - >>>> HTTP_X_FORWARDED_FOR : null
[DEBUG] 24-10-14 16:03:12 [HomeController:46] - >>>> Client IP : 192.168.10.185
[DEBUG] 24-10-14 16:03:12 [HomeController:52] - >>>> User-Agent : Mozilla/5.0 (Windows NT 10.0; Win64; x64) AppleWebKit/537.36 (KHTML, like Gecko) Chrome/129.0.0.0 Safari/537.36
[DEBUG] 24-10-14 16:03:12 [HomeController:61] - >>>> User-Agent : {"user_agent": {"family": "Chrome", "major": "129", "minor": "0", "patch": "0"}, "os": {"family": "Windows", "major": "10", "minor": "", "patch": "", "patch_minor": ""}, "device": {"family": "Other"}}
[DEBUG] 24-10-14 16:03:12 [HomeController:68] - browserFamily : Chrome
[DEBUG] 24-10-14 16:03:12 [HomeController:69] - browserMajor : 129
[DEBUG] 24-10-14 16:03:12 [HomeController:70] - browserMinor : 0
[DEBUG] 24-10-14 16:03:12 [HomeController:77] - osFamily : Windows
[DEBUG] 24-10-14 16:03:12 [HomeController:78] - osMajor : 10
[DEBUG] 24-10-14 16:03:12 [HomeController:79] - osMinor : null
[DEBUG] 24-10-14 16:03:12 [HomeController:83] - deviceFamily : Other
[INFO ] 24-10-14 16:06:05 [HomeController:27] - >>>> Proxy-Client-IP : null
[INFO ] 24-10-14 16:06:05 [HomeController:31] - >>>> WL-Proxy-Client-IP : null
[INFO ] 24-10-14 16:06:05 [HomeController:35] - >>>> HTTP_CLIENT_IP : null
[INFO ] 24-10-14 16:06:05 [HomeController:39] - >>>> HTTP_X_FORWARDED_FOR : null
[DEBUG] 24-10-14 16:06:05 [HomeController:46] - >>>> Client IP : 192.168.10.185
[DEBUG] 24-10-14 16:06:05 [HomeController:52] - >>>> User-Agent : Mozilla/5.0 (Windows NT 10.0; Win64; x64) AppleWebKit/537.36 (KHTML, like Gecko) Chrome/129.0.0.0 Safari/537.36
[DEBUG] 24-10-14 16:06:05 [HomeController:61] - >>>> User-Agent : {"user_agent": {"family": "Chrome", "major": "129", "minor": "0", "patch": "0"}, "os": {"family": "Windows", "major": "10", "minor": "", "patch": "", "patch_minor": ""}, "device": {"family": "Other"}}
[DEBUG] 24-10-14 16:06:05 [HomeController:68] - browserFamily : Chrome
[DEBUG] 24-10-14 16:06:05 [HomeController:69] - browserMajor : 129
[DEBUG] 24-10-14 16:06:05 [HomeController:70] - browserMinor : 0
[DEBUG] 24-10-14 16:06:05 [HomeController:77] - osFamily : Windows
[DEBUG] 24-10-14 16:06:05 [HomeController:78] - osMajor : 10
[DEBUG] 24-10-14 16:06:05 [HomeController:79] - osMinor : null
[DEBUG] 24-10-14 16:06:05 [HomeController:83] - deviceFamily : Other
[INFO ] 24-10-14 16:06:21 [HomeController:27] - >>>> Proxy-Client-IP : null
[INFO ] 24-10-14 16:06:21 [HomeController:31] - >>>> WL-Proxy-Client-IP : null
[INFO ] 24-10-14 16:06:21 [HomeController:35] - >>>> HTTP_CLIENT_IP : null
[INFO ] 24-10-14 16:06:21 [HomeController:39] - >>>> HTTP_X_FORWARDED_FOR : null
[DEBUG] 24-10-14 16:06:21 [HomeController:46] - >>>> Client IP : 192.168.10.185
[DEBUG] 24-10-14 16:06:21 [HomeController:52] - >>>> User-Agent : Mozilla/5.0 (Windows NT 10.0; Win64; x64) AppleWebKit/537.36 (KHTML, like Gecko) Chrome/129.0.0.0 Safari/537.36
[DEBUG] 24-10-14 16:06:21 [HomeController:61] - >>>> User-Agent : {"user_agent": {"family": "Chrome", "major": "129", "minor": "0", "patch": "0"}, "os": {"family": "Windows", "major": "10", "minor": "", "patch": "", "patch_minor": ""}, "device": {"family": "Other"}}
[DEBUG] 24-10-14 16:06:21 [HomeController:68] - browserFamily : Chrome
[DEBUG] 24-10-14 16:06:21 [HomeController:69] - browserMajor : 129
[DEBUG] 24-10-14 16:06:21 [HomeController:70] - browserMinor : 0
[DEBUG] 24-10-14 16:06:21 [HomeController:77] - osFamily : Windows
[DEBUG] 24-10-14 16:06:21 [HomeController:78] - osMajor : 10
[DEBUG] 24-10-14 16:06:21 [HomeController:79] - osMinor : null
[DEBUG] 24-10-14 16:06:21 [HomeController:83] - deviceFamily : Other
[INFO ] 24-10-14 16:08:13 [LoggerApplication:50] - Starting LoggerApplication using Java 17.0.2 with PID 3940 (D:\hyeon\08_Spring\02_logger\build\classes\java\main started by user in D:\hyeon\08_Spring\02_logger)
[DEBUG] 24-10-14 16:08:13 [LoggerApplication:51] - Running with Spring Boot v3.3.4, Spring v6.1.13
[INFO ] 24-10-14 16:08:13 [LoggerApplication:654] - No active profile set, falling back to 1 default profile: "default"
[INFO ] 24-10-14 16:08:15 [LoggerApplication:56] - Started LoggerApplication in 1.255 seconds (process running for 373.972)
[INFO ] 24-10-14 16:08:16 [LoggerApplication:50] - Starting LoggerApplication using Java 17.0.2 with PID 3940 (D:\hyeon\08_Spring\02_logger\build\classes\java\main started by user in D:\hyeon\08_Spring\02_logger)
[DEBUG] 24-10-14 16:08:16 [LoggerApplication:51] - Running with Spring Boot v3.3.4, Spring v6.1.13
[INFO ] 24-10-14 16:08:16 [LoggerApplication:654] - No active profile set, falling back to 1 default profile: "default"
[INFO ] 24-10-14 16:08:18 [LoggerApplication:56] - Started LoggerApplication in 1.453 seconds (process running for 376.938)
[INFO ] 24-10-14 16:08:27 [LoggerApplication:50] - Starting LoggerApplication using Java 17.0.2 with PID 12336 (D:\hyeon\08_Spring\02_logger\build\classes\java\main started by user in D:\hyeon\08_Spring\02_logger)
[DEBUG] 24-10-14 16:08:27 [LoggerApplication:51] - Running with Spring Boot v3.3.4, Spring v6.1.13
[INFO ] 24-10-14 16:08:27 [LoggerApplication:654] - No active profile set, falling back to 1 default profile: "default"
[INFO ] 24-10-14 16:08:32 [LoggerApplication:56] - Started LoggerApplication in 5.701 seconds (process running for 6.703)
[INFO ] 24-10-14 16:11:41 [LoggerApplication:50] - Starting LoggerApplication using Java 17.0.2 with PID 13444 (D:\hyeon\08_Spring\02_logger\build\classes\java\main started by user in D:\hyeon\08_Spring\02_logger)
[DEBUG] 24-10-14 16:11:41 [LoggerApplication:51] - Running with Spring Boot v3.3.4, Spring v6.1.13
[INFO ] 24-10-14 16:11:41 [LoggerApplication:654] - No active profile set, falling back to 1 default profile: "default"
[INFO ] 24-10-14 16:11:43 [LoggerApplication:56] - Started LoggerApplication in 2.536 seconds (process running for 3.188)
[INFO ] 24-10-14 16:11:47 [HomeController:27] - >>>> Proxy-Client-IP : null
[INFO ] 24-10-14 16:11:47 [HomeController:31] - >>>> WL-Proxy-Client-IP : null
[INFO ] 24-10-14 16:11:47 [HomeController:35] - >>>> HTTP_CLIENT_IP : null
[INFO ] 24-10-14 16:11:47 [HomeController:39] - >>>> HTTP_X_FORWARDED_FOR : null
[DEBUG] 24-10-14 16:11:47 [HomeController:46] - >>>> Client IP : 0:0:0:0:0:0:0:1
[DEBUG] 24-10-14 16:11:47 [HomeController:52] - >>>> User-Agent : Mozilla/5.0 (Windows NT 10.0; Win64; x64) AppleWebKit/537.36 (KHTML, like Gecko) Chrome/129.0.0.0 Safari/537.36
[DEBUG] 24-10-14 16:11:48 [HomeController:61] - >>>> User-Agent : {"user_agent": {"family": "Chrome", "major": "129", "minor": "0", "patch": "0"}, "os": {"family": "Windows", "major": "10", "minor": "", "patch": "", "patch_minor": ""}, "device": {"family": "Other"}}
[DEBUG] 24-10-14 16:11:48 [HomeController:68] - browserFamily : Chrome
[DEBUG] 24-10-14 16:11:48 [HomeController:69] - browserMajor : 129
[DEBUG] 24-10-14 16:11:48 [HomeController:70] - browserMinor : 0
[DEBUG] 24-10-14 16:11:48 [HomeController:77] - osFamily : Windows
[DEBUG] 24-10-14 16:11:48 [HomeController:78] - osMajor : 10
[DEBUG] 24-10-14 16:11:48 [HomeController:79] - osMinor : null
[DEBUG] 24-10-14 16:11:48 [HomeController:83] - deviceFamily : Other
[INFO ] 24-10-14 16:11:53 [HomeController:27] - >>>> Proxy-Client-IP : null
[INFO ] 24-10-14 16:11:53 [HomeController:31] - >>>> WL-Proxy-Client-IP : null
[INFO ] 24-10-14 16:11:53 [HomeController:35] - >>>> HTTP_CLIENT_IP : null
[INFO ] 24-10-14 16:11:53 [HomeController:39] - >>>> HTTP_X_FORWARDED_FOR : null
[DEBUG] 24-10-14 16:11:53 [HomeController:46] - >>>> Client IP : 192.168.10.185
[DEBUG] 24-10-14 16:11:53 [HomeController:52] - >>>> User-Agent : Mozilla/5.0 (Windows NT 10.0; Win64; x64) AppleWebKit/537.36 (KHTML, like Gecko) Chrome/129.0.0.0 Safari/537.36
[DEBUG] 24-10-14 16:11:53 [HomeController:61] - >>>> User-Agent : {"user_agent": {"family": "Chrome", "major": "129", "minor": "0", "patch": "0"}, "os": {"family": "Windows", "major": "10", "minor": "", "patch": "", "patch_minor": ""}, "device": {"family": "Other"}}
[DEBUG] 24-10-14 16:11:53 [HomeController:68] - browserFamily : Chrome
[DEBUG] 24-10-14 16:11:53 [HomeController:69] - browserMajor : 129
[DEBUG] 24-10-14 16:11:53 [HomeController:70] - browserMinor : 0
[DEBUG] 24-10-14 16:11:53 [HomeController:77] - osFamily : Windows
[DEBUG] 24-10-14 16:11:53 [HomeController:78] - osMajor : 10
[DEBUG] 24-10-14 16:11:53 [HomeController:79] - osMinor : null
[DEBUG] 24-10-14 16:11:53 [HomeController:83] - deviceFamily : Other
