[INFO ] 24-10-22 22:26:47 [ParamsApplication:50] - Starting ParamsApplication using Java 17.0.2 with PID 10540 (C:\Users\hyeon\HYEON\08_Spring\04_params\bin\main started by HYEON in C:\Users\hyeon\HYEON\08_Spring\04_params)
[DEBUG] 24-10-22 22:26:47 [ParamsApplication:51] - Running with Spring Boot v3.3.4, Spring v6.1.13
[INFO ] 24-10-22 22:26:47 [ParamsApplication:654] - No active profile set, falling back to 1 default profile: "default"
[INFO ] 24-10-22 22:26:50 [ParamsApplication:56] - Started ParamsApplication in 2.57 seconds (process running for 3.105)
[INFO ] 24-10-22 22:27:04 [MyInterceptor:42] - ---------- new client connect ----------
[INFO ] 24-10-22 22:27:04 [MyInterceptor:61] - [Client] 0:0:0:0:0:0:0:1, Other, Windows, 10, Chrome, 129.0
[INFO ] 24-10-22 22:27:04 [MyInterceptor:75] - [GET] http://localhost:8080/
[INFO ] 24-10-22 22:27:04 [MyInterceptor:120] - running time : 170(ms)
[INFO ] 24-10-22 22:27:05 [MyInterceptor:42] - ---------- new client connect ----------
[INFO ] 24-10-22 22:27:05 [MyInterceptor:61] - [Client] 0:0:0:0:0:0:0:1, Other, Windows, 10, Chrome, 129.0
[INFO ] 24-10-22 22:27:05 [MyInterceptor:75] - [GET] http://localhost:8080/assets/css/header.css
[INFO ] 24-10-22 22:27:05 [MyInterceptor:94] - - REFERER : time=269, url=http://localhost:8080/
[INFO ] 24-10-22 22:27:05 [MyInterceptor:120] - running time : 83(ms)
[INFO ] 24-10-22 22:27:07 [MyInterceptor:42] - ---------- new client connect ----------
[INFO ] 24-10-22 22:27:07 [MyInterceptor:61] - [Client] 0:0:0:0:0:0:0:1, Other, Windows, 10, Chrome, 129.0
[INFO ] 24-10-22 22:27:07 [MyInterceptor:75] - [GET] http://localhost:8080/get/home
[INFO ] 24-10-22 22:27:07 [MyInterceptor:94] - - REFERER : time=2534, url=http://localhost:8080/
[INFO ] 24-10-22 22:27:07 [MyInterceptor:120] - running time : 32(ms)
[INFO ] 24-10-22 22:27:07 [MyInterceptor:42] - ---------- new client connect ----------
[INFO ] 24-10-22 22:27:07 [MyInterceptor:61] - [Client] 0:0:0:0:0:0:0:1, Other, Windows, 10, Chrome, 129.0
[INFO ] 24-10-22 22:27:07 [MyInterceptor:75] - [GET] http://localhost:8080/assets/css/header.css
[INFO ] 24-10-22 22:27:07 [MyInterceptor:94] - - REFERER : time=23, url=http://localhost:8080/get/home
[INFO ] 24-10-22 22:27:07 [MyInterceptor:120] - running time : 26(ms)
[INFO ] 24-10-22 22:27:10 [MyInterceptor:42] - ---------- new client connect ----------
[INFO ] 24-10-22 22:27:10 [MyInterceptor:61] - [Client] 0:0:0:0:0:0:0:1, Other, Windows, 10, Chrome, 129.0
[INFO ] 24-10-22 22:27:10 [MyInterceptor:75] - [GET] http://localhost:8080/get/result?answer=300
[INFO ] 24-10-22 22:27:10 [MyInterceptor:83] - (param) <-- answer = 300
[INFO ] 24-10-22 22:27:10 [MyInterceptor:94] - - REFERER : time=2734, url=http://localhost:8080/get/home
[INFO ] 24-10-22 22:27:10 [MyInterceptor:120] - running time : 32(ms)
[INFO ] 24-10-22 22:27:10 [MyInterceptor:42] - ---------- new client connect ----------
[INFO ] 24-10-22 22:27:10 [MyInterceptor:61] - [Client] 0:0:0:0:0:0:0:1, Other, Windows, 10, Chrome, 129.0
[INFO ] 24-10-22 22:27:10 [MyInterceptor:75] - [GET] http://localhost:8080/assets/css/header.css
[INFO ] 24-10-22 22:27:10 [MyInterceptor:94] - - REFERER : time=30, url=http://localhost:8080/get/result?answer=300
[INFO ] 24-10-22 22:27:10 [MyInterceptor:120] - running time : 22(ms)
[INFO ] 24-10-22 22:27:12 [MyInterceptor:42] - ---------- new client connect ----------
[INFO ] 24-10-22 22:27:12 [MyInterceptor:61] - [Client] 0:0:0:0:0:0:0:1, Other, Windows, 10, Chrome, 129.0
[INFO ] 24-10-22 22:27:12 [MyInterceptor:75] - [GET] http://localhost:8080/post/home
[INFO ] 24-10-22 22:27:12 [MyInterceptor:94] - - REFERER : time=1572, url=http://localhost:8080/get/result?answer=300
[INFO ] 24-10-22 22:27:12 [MyInterceptor:120] - running time : 21(ms)
[INFO ] 24-10-22 22:27:12 [MyInterceptor:42] - ---------- new client connect ----------
[INFO ] 24-10-22 22:27:12 [MyInterceptor:61] - [Client] 0:0:0:0:0:0:0:1, Other, Windows, 10, Chrome, 129.0
[INFO ] 24-10-22 22:27:12 [MyInterceptor:75] - [GET] http://localhost:8080/assets/css/header.css
[INFO ] 24-10-22 22:27:12 [MyInterceptor:94] - - REFERER : time=16, url=http://localhost:8080/post/home
[INFO ] 24-10-22 22:27:12 [MyInterceptor:120] - running time : 20(ms)
[INFO ] 24-10-22 22:27:22 [MyInterceptor:42] - ---------- new client connect ----------
[INFO ] 24-10-22 22:27:22 [MyInterceptor:61] - [Client] 0:0:0:0:0:0:0:1, Other, Windows, 10, Chrome, 129.0
[INFO ] 24-10-22 22:27:22 [MyInterceptor:75] - [POST] http://localhost:8080/post/answer
[INFO ] 24-10-22 22:27:22 [MyInterceptor:83] - (param) <-- user_name = 김범석
[INFO ] 24-10-22 22:27:22 [MyInterceptor:83] - (param) <-- user_age = 27
[INFO ] 24-10-22 22:27:22 [MyInterceptor:94] - - REFERER : time=10130, url=http://localhost:8080/post/home
[INFO ] 24-10-22 22:27:22 [MyInterceptor:120] - running time : 22(ms)
[INFO ] 24-10-22 22:27:22 [MyInterceptor:42] - ---------- new client connect ----------
[INFO ] 24-10-22 22:27:22 [MyInterceptor:61] - [Client] 0:0:0:0:0:0:0:1, Other, Windows, 10, Chrome, 129.0
[INFO ] 24-10-22 22:27:22 [MyInterceptor:75] - [GET] http://localhost:8080/assets/css/header.css
[INFO ] 24-10-22 22:27:22 [MyInterceptor:94] - - REFERER : time=15, url=http://localhost:8080/post/answer
[INFO ] 24-10-22 22:27:22 [MyInterceptor:120] - running time : 22(ms)
[INFO ] 24-10-22 22:27:24 [MyInterceptor:42] - ---------- new client connect ----------
[INFO ] 24-10-22 22:27:24 [MyInterceptor:61] - [Client] 0:0:0:0:0:0:0:1, Other, Windows, 10, Chrome, 129.0
[INFO ] 24-10-22 22:27:24 [MyInterceptor:75] - [GET] http://localhost:8080/path/home
[INFO ] 24-10-22 22:27:24 [MyInterceptor:94] - - REFERER : time=2210, url=http://localhost:8080/post/answer
[INFO ] 24-10-22 22:27:24 [MyInterceptor:120] - running time : 20(ms)
[INFO ] 24-10-22 22:27:24 [MyInterceptor:42] - ---------- new client connect ----------
[INFO ] 24-10-22 22:27:24 [MyInterceptor:61] - [Client] 0:0:0:0:0:0:0:1, Other, Windows, 10, Chrome, 129.0
[INFO ] 24-10-22 22:27:24 [MyInterceptor:75] - [GET] http://localhost:8080/assets/css/header.css
[INFO ] 24-10-22 22:27:24 [MyInterceptor:94] - - REFERER : time=12, url=http://localhost:8080/path/home
[INFO ] 24-10-22 22:27:24 [MyInterceptor:120] - running time : 20(ms)
[INFO ] 24-10-22 22:27:27 [MyInterceptor:42] - ---------- new client connect ----------
[INFO ] 24-10-22 22:27:27 [MyInterceptor:61] - [Client] 0:0:0:0:0:0:0:1, Other, Windows, 10, Chrome, 129.0
[INFO ] 24-10-22 22:27:27 [MyInterceptor:75] - [GET] http://localhost:8080/mypath/hello/world/1234
[INFO ] 24-10-22 22:27:27 [MyInterceptor:94] - - REFERER : time=2741, url=http://localhost:8080/path/home
[INFO ] 24-10-22 22:27:27 [MyInterceptor:120] - running time : 22(ms)
[INFO ] 24-10-22 22:27:27 [MyInterceptor:42] - ---------- new client connect ----------
[INFO ] 24-10-22 22:27:27 [MyInterceptor:61] - [Client] 0:0:0:0:0:0:0:1, Other, Windows, 10, Chrome, 129.0
[INFO ] 24-10-22 22:27:27 [MyInterceptor:75] - [GET] http://localhost:8080/assets/css/header.css
[INFO ] 24-10-22 22:27:27 [MyInterceptor:94] - - REFERER : time=16, url=http://localhost:8080/mypath/hello/world/1234
[INFO ] 24-10-22 22:27:27 [MyInterceptor:120] - running time : 21(ms)
[INFO ] 24-10-22 22:27:30 [MyInterceptor:42] - ---------- new client connect ----------
[INFO ] 24-10-22 22:27:30 [MyInterceptor:61] - [Client] 0:0:0:0:0:0:0:1, Other, Windows, 10, Chrome, 129.0
[INFO ] 24-10-22 22:27:30 [MyInterceptor:75] - [GET] http://localhost:8080/mypath/foo/bar/5678
[INFO ] 24-10-22 22:27:30 [MyInterceptor:94] - - REFERER : time=3186, url=http://localhost:8080/path/home
[INFO ] 24-10-22 22:27:30 [MyInterceptor:120] - running time : 23(ms)
[INFO ] 24-10-22 22:27:30 [MyInterceptor:42] - ---------- new client connect ----------
[INFO ] 24-10-22 22:27:30 [MyInterceptor:61] - [Client] 0:0:0:0:0:0:0:1, Other, Windows, 10, Chrome, 129.0
[INFO ] 24-10-22 22:27:30 [MyInterceptor:75] - [GET] http://localhost:8080/assets/css/header.css
[INFO ] 24-10-22 22:27:30 [MyInterceptor:94] - - REFERER : time=13, url=http://localhost:8080/mypath/foo/bar/5678
[INFO ] 24-10-22 22:27:30 [MyInterceptor:120] - running time : 20(ms)
[INFO ] 24-10-22 22:27:34 [MyInterceptor:42] - ---------- new client connect ----------
[INFO ] 24-10-22 22:27:34 [MyInterceptor:61] - [Client] 0:0:0:0:0:0:0:1, Other, Windows, 10, Chrome, 129.0
[INFO ] 24-10-22 22:27:34 [MyInterceptor:75] - [GET] http://localhost:8080/mypath/hello/world/1234
[INFO ] 24-10-22 22:27:34 [MyInterceptor:94] - - REFERER : time=3215, url=http://localhost:8080/path/home
[INFO ] 24-10-22 22:27:34 [MyInterceptor:120] - running time : 20(ms)
[INFO ] 24-10-22 22:27:34 [MyInterceptor:42] - ---------- new client connect ----------
[INFO ] 24-10-22 22:27:34 [MyInterceptor:61] - [Client] 0:0:0:0:0:0:0:1, Other, Windows, 10, Chrome, 129.0
[INFO ] 24-10-22 22:27:34 [MyInterceptor:75] - [GET] http://localhost:8080/assets/css/header.css
[INFO ] 24-10-22 22:27:34 [MyInterceptor:94] - - REFERER : time=15, url=http://localhost:8080/mypath/hello/world/1234
[INFO ] 24-10-22 22:27:34 [MyInterceptor:120] - running time : 23(ms)
[INFO ] 24-10-22 22:27:36 [MyInterceptor:42] - ---------- new client connect ----------
[INFO ] 24-10-22 22:27:36 [MyInterceptor:61] - [Client] 0:0:0:0:0:0:0:1, Other, Windows, 10, Chrome, 129.0
[INFO ] 24-10-22 22:27:36 [MyInterceptor:75] - [GET] http://localhost:8080/survey/index
[INFO ] 24-10-22 22:27:36 [MyInterceptor:94] - - REFERER : time=2094, url=http://localhost:8080/path/home
[INFO ] 24-10-22 22:27:36 [MyInterceptor:120] - running time : 19(ms)
[INFO ] 24-10-22 22:27:36 [MyInterceptor:42] - ---------- new client connect ----------
[INFO ] 24-10-22 22:27:36 [MyInterceptor:61] - [Client] 0:0:0:0:0:0:0:1, Other, Windows, 10, Chrome, 129.0
[INFO ] 24-10-22 22:27:36 [MyInterceptor:75] - [GET] http://localhost:8080/assets/css/header.css
[INFO ] 24-10-22 22:27:36 [MyInterceptor:94] - - REFERER : time=14, url=http://localhost:8080/survey/index
[INFO ] 24-10-22 22:27:36 [MyInterceptor:120] - running time : 20(ms)
[INFO ] 24-10-22 22:27:40 [MyInterceptor:42] - ---------- new client connect ----------
[INFO ] 24-10-22 22:27:40 [MyInterceptor:61] - [Client] 0:0:0:0:0:0:0:1, Other, Windows, 10, Chrome, 129.0
[INFO ] 24-10-22 22:27:40 [MyInterceptor:75] - [POST] http://localhost:8080/survey/step1
[INFO ] 24-10-22 22:27:40 [MyInterceptor:83] - (param) <-- name = 손주영
[INFO ] 24-10-22 22:27:40 [MyInterceptor:94] - - REFERER : time=4320, url=http://localhost:8080/survey/index
[INFO ] 24-10-22 22:27:40 [MyInterceptor:120] - running time : 21(ms)
[INFO ] 24-10-22 22:27:40 [MyInterceptor:42] - ---------- new client connect ----------
[INFO ] 24-10-22 22:27:40 [MyInterceptor:61] - [Client] 0:0:0:0:0:0:0:1, Other, Windows, 10, Chrome, 129.0
[INFO ] 24-10-22 22:27:40 [MyInterceptor:75] - [GET] http://localhost:8080/assets/css/header.css
[INFO ] 24-10-22 22:27:40 [MyInterceptor:94] - - REFERER : time=17, url=http://localhost:8080/survey/step1
[INFO ] 24-10-22 22:27:40 [MyInterceptor:120] - running time : 22(ms)
[INFO ] 24-10-22 22:27:42 [MyInterceptor:42] - ---------- new client connect ----------
[INFO ] 24-10-22 22:27:42 [MyInterceptor:61] - [Client] 0:0:0:0:0:0:0:1, Other, Windows, 10, Chrome, 129.0
[INFO ] 24-10-22 22:27:42 [MyInterceptor:75] - [POST] http://localhost:8080/survey/step2
[INFO ] 24-10-22 22:27:42 [MyInterceptor:83] - (param) <-- name = 손주영
[INFO ] 24-10-22 22:27:42 [MyInterceptor:83] - (param) <-- age = 27
[INFO ] 24-10-22 22:27:42 [MyInterceptor:94] - - REFERER : time=2158, url=http://localhost:8080/survey/step1
[INFO ] 24-10-22 22:27:42 [MyInterceptor:120] - running time : 20(ms)
[INFO ] 24-10-22 22:27:42 [MyInterceptor:42] - ---------- new client connect ----------
[INFO ] 24-10-22 22:27:42 [MyInterceptor:61] - [Client] 0:0:0:0:0:0:0:1, Other, Windows, 10, Chrome, 129.0
[INFO ] 24-10-22 22:27:42 [MyInterceptor:75] - [GET] http://localhost:8080/assets/css/header.css
[INFO ] 24-10-22 22:27:42 [MyInterceptor:94] - - REFERER : time=15, url=http://localhost:8080/survey/step2
[INFO ] 24-10-22 22:27:42 [MyInterceptor:120] - running time : 31(ms)
[INFO ] 24-10-22 22:27:44 [MyInterceptor:42] - ---------- new client connect ----------
[INFO ] 24-10-22 22:27:44 [MyInterceptor:61] - [Client] 0:0:0:0:0:0:0:1, Other, Windows, 10, Chrome, 129.0
[INFO ] 24-10-22 22:27:44 [MyInterceptor:75] - [GET] http://localhost:8080/survey/step3?name=%EC%86%90%EC%A3%BC%EC%98%81&age=27&group=student
[INFO ] 24-10-22 22:27:44 [MyInterceptor:83] - (param) <-- name = 손주영
[INFO ] 24-10-22 22:27:44 [MyInterceptor:83] - (param) <-- age = 27
[INFO ] 24-10-22 22:27:44 [MyInterceptor:83] - (param) <-- group = student
[INFO ] 24-10-22 22:27:44 [MyInterceptor:94] - - REFERER : time=1577, url=http://localhost:8080/survey/step2
[INFO ] 24-10-22 22:27:44 [MyInterceptor:120] - running time : 29(ms)
[INFO ] 24-10-22 22:27:44 [MyInterceptor:42] - ---------- new client connect ----------
[INFO ] 24-10-22 22:27:44 [MyInterceptor:61] - [Client] 0:0:0:0:0:0:0:1, Other, Windows, 10, Chrome, 129.0
[INFO ] 24-10-22 22:27:44 [MyInterceptor:75] - [GET] http://localhost:8080/assets/css/header.css
[INFO ] 24-10-22 22:27:44 [MyInterceptor:94] - - REFERER : time=14, url=http://localhost:8080/survey/step3?name=%EC%86%90%EC%A3%BC%EC%98%81&age=27&group=student
[INFO ] 24-10-22 22:27:44 [MyInterceptor:120] - running time : 32(ms)
[INFO ] 24-10-22 22:27:45 [MyInterceptor:42] - ---------- new client connect ----------
[INFO ] 24-10-22 22:27:45 [MyInterceptor:61] - [Client] 0:0:0:0:0:0:0:1, Other, Windows, 10, Chrome, 129.0
[INFO ] 24-10-22 22:27:45 [MyInterceptor:75] - [GET] http://localhost:8080/survey/step4?name=%EC%86%90%EC%A3%BC%EC%98%81&age=27&group=student&glasses=no
[INFO ] 24-10-22 22:27:45 [MyInterceptor:83] - (param) <-- name = 손주영
[INFO ] 24-10-22 22:27:45 [MyInterceptor:83] - (param) <-- age = 27
[INFO ] 24-10-22 22:27:45 [MyInterceptor:83] - (param) <-- group = student
[INFO ] 24-10-22 22:27:45 [MyInterceptor:83] - (param) <-- glasses = no
[INFO ] 24-10-22 22:27:45 [MyInterceptor:94] - - REFERER : time=1291, url=http://localhost:8080/survey/step3?name=%EC%86%90%EC%A3%BC%EC%98%81&age=27&group=student
[INFO ] 24-10-22 22:27:45 [MyInterceptor:120] - running time : 22(ms)
[INFO ] 24-10-22 22:27:45 [MyInterceptor:42] - ---------- new client connect ----------
[INFO ] 24-10-22 22:27:45 [MyInterceptor:61] - [Client] 0:0:0:0:0:0:0:1, Other, Windows, 10, Chrome, 129.0
[INFO ] 24-10-22 22:27:45 [MyInterceptor:75] - [GET] http://localhost:8080/assets/css/header.css
[INFO ] 24-10-22 22:27:45 [MyInterceptor:94] - - REFERER : time=15, url=http://localhost:8080/survey/step4?name=%EC%86%90%EC%A3%BC%EC%98%81&age=27&group=student&glasses=no
[INFO ] 24-10-22 22:27:45 [MyInterceptor:120] - running time : 31(ms)
