[INFO ] 24-10-22 22:25:05 [InterceptorApplication:50] - Starting InterceptorApplication using Java 17.0.2 with PID 10256 (C:\Users\hyeon\HYEON\08_Spring\03_Interceptor\bin\main started by HYEON in C:\Users\hyeon\HYEON\08_Spring\03_Interceptor)
[DEBUG] 24-10-22 22:25:05 [InterceptorApplication:51] - Running with Spring Boot v3.3.4, Spring v6.1.13
[INFO ] 24-10-22 22:25:05 [InterceptorApplication:654] - No active profile set, falling back to 1 default profile: "default"
[INFO ] 24-10-22 22:25:05 [InterceptorApplication:56] - Started InterceptorApplication in 0.541 seconds (process running for 70.27)
[INFO ] 24-10-22 22:25:11 [MyInterceptor:42] - ---------- new client connect ----------
[INFO ] 24-10-22 22:25:11 [MyInterceptor:61] - [Client] 0:0:0:0:0:0:0:1, Other, Windows, 10, Chrome, 129.0
[INFO ] 24-10-22 22:25:11 [MyInterceptor:75] - [GET] http://localhost:8080/
[INFO ] 24-10-22 22:25:11 [MyInterceptor:120] - running time : 21(ms)
[INFO ] 24-10-22 22:25:17 [MyInterceptor:42] - ---------- new client connect ----------
[INFO ] 24-10-22 22:25:17 [MyInterceptor:61] - [Client] 0:0:0:0:0:0:0:1, Other, Windows, 10, Chrome, 129.0
[INFO ] 24-10-22 22:25:17 [MyInterceptor:75] - [GET] http://localhost:8080/hi
[INFO ] 24-10-22 22:25:17 [MyInterceptor:94] - - REFERER : time=6377, url=http://localhost:8080/hello
[INFO ] 24-10-22 22:25:17 [MyInterceptor:120] - running time : 19(ms)
[INFO ] 24-10-22 22:25:20 [MyInterceptor:42] - ---------- new client connect ----------
[INFO ] 24-10-22 22:25:20 [MyInterceptor:61] - [Client] 0:0:0:0:0:0:0:1, Other, Windows, 10, Chrome, 129.0
[INFO ] 24-10-22 22:25:20 [MyInterceptor:75] - [GET] http://localhost:8080/bye
[INFO ] 24-10-22 22:25:20 [MyInterceptor:94] - - REFERER : time=2906, url=http://localhost:8080/hi
[INFO ] 24-10-22 22:25:20 [MyInterceptor:120] - running time : 17(ms)
[INFO ] 24-10-22 22:25:24 [MyInterceptor:42] - ---------- new client connect ----------
[INFO ] 24-10-22 22:25:24 [MyInterceptor:61] - [Client] 0:0:0:0:0:0:0:1, Other, Windows, 10, Chrome, 129.0
[INFO ] 24-10-22 22:25:24 [MyInterceptor:75] - [GET] http://localhost:8080/bye
[INFO ] 24-10-22 22:25:24 [MyInterceptor:94] - - REFERER : time=4156, url=http://localhost:8080/bye
[INFO ] 24-10-22 22:25:24 [MyInterceptor:120] - running time : 20(ms)
