[INFO ] 24-10-21 11:22:41 [DepartmentMapperTest:50] - Starting DepartmentMapperTest using Java 17.0.2 with PID 9984 (started by user in D:\hyeon\08_Spring\08_database)
[DEBUG] 24-10-21 11:22:41 [DepartmentMapperTest:51] - Running with Spring Boot v3.3.4, Spring v6.1.13
[INFO ] 24-10-21 11:22:41 [DepartmentMapperTest:654] - No active profile set, falling back to 1 default profile: "default"
[DEBUG] 24-10-21 11:22:41 [LogFactory:109] - Logging initialized using 'class org.apache.ibatis.logging.slf4j.Slf4jImpl' adapter.
[WARN ] 24-10-21 11:22:42 [GenericWebApplicationContext:633] - Exception encountered during context initialization - cancelling refresh attempt: org.springframework.beans.factory.UnsatisfiedDependencyException: Error creating bean with name 'mailHelper': Unsatisfied dependency expressed through field 'javaMailSender': No qualifying bean of type 'org.springframework.mail.javamail.JavaMailSender' available: expected at least 1 bean which qualifies as autowire candidate. Dependency annotations: {@org.springframework.beans.factory.annotation.Autowired(required=true)}
[ERROR] 24-10-21 11:22:42 [LoggingFailureAnalysisReporter:40] - 

***************************
APPLICATION FAILED TO START
***************************

Description:

Field javaMailSender in com.hyeon.database.helpers.MailHelper required a bean of type 'org.springframework.mail.javamail.JavaMailSender' that could not be found.

The injection point has the following annotations:
	- @org.springframework.beans.factory.annotation.Autowired(required=true)


Action:

Consider defining a bean of type 'org.springframework.mail.javamail.JavaMailSender' in your configuration.

[WARN ] 24-10-21 11:22:42 [TestContextManager:272] - Caught exception while allowing TestExecutionListener [org.springframework.test.context.web.ServletTestExecutionListener] to prepare test instance [com.hyeon.database.mappers.DepartmentMapperTest@7fedb795]
java.lang.IllegalStateException: Failed to load ApplicationContext for [WebMergedContextConfiguration@773014d3 testClass = com.hyeon.database.mappers.DepartmentMapperTest, locations = [], classes = [com.hyeon.database.DatabaseApplication], contextInitializerClasses = [], activeProfiles = [], propertySourceDescriptors = [], propertySourceProperties = ["org.springframework.boot.test.context.SpringBootTestContextBootstrapper=true"], contextCustomizers = [org.springframework.boot.test.autoconfigure.actuate.observability.ObservabilityContextCustomizerFactory$DisableObservabilityContextCustomizer@1f, org.springframework.boot.test.autoconfigure.properties.PropertyMappingContextCustomizer@0, org.springframework.boot.test.autoconfigure.web.servlet.WebDriverContextCustomizer@48aca48b, org.springframework.boot.test.context.filter.ExcludeFilterContextCustomizer@72e5a8e, org.springframework.boot.test.json.DuplicateJsonObjectContextCustomizerFactory$DuplicateJsonObjectContextCustomizer@7db12bb6, org.springframework.boot.test.mock.mockito.MockitoContextCustomizer@0, org.springframework.boot.test.web.client.TestRestTemplateContextCustomizer@3012646b, org.springframework.boot.test.web.reactor.netty.DisableReactorResourceFactoryGlobalResourcesContextCustomizerFactory$DisableReactorResourceFactoryGlobalResourcesContextCustomizerCustomizer@6574a52c, org.springframework.boot.test.context.SpringBootTestAnnotation@83b815e8], resourceBasePath = "src/main/webapp", contextLoader = org.springframework.boot.test.context.SpringBootContextLoader, parent = null]
	at org.springframework.test.context.cache.DefaultCacheAwareContextLoaderDelegate.loadContext(DefaultCacheAwareContextLoaderDelegate.java:180)
	at org.springframework.test.context.support.DefaultTestContext.getApplicationContext(DefaultTestContext.java:130)
	at org.springframework.test.context.web.ServletTestExecutionListener.setUpRequestContextIfNecessary(ServletTestExecutionListener.java:191)
	at org.springframework.test.context.web.ServletTestExecutionListener.prepareTestInstance(ServletTestExecutionListener.java:130)
	at org.springframework.test.context.TestContextManager.prepareTestInstance(TestContextManager.java:260)
	at org.springframework.test.context.junit.jupiter.SpringExtension.postProcessTestInstance(SpringExtension.java:163)
	at org.junit.jupiter.engine.descriptor.ClassBasedTestDescriptor.lambda$invokeTestInstancePostProcessors$10(ClassBasedTestDescriptor.java:378)
	at org.junit.jupiter.engine.descriptor.ClassBasedTestDescriptor.executeAndMaskThrowable(ClassBasedTestDescriptor.java:383)
	at org.junit.jupiter.engine.descriptor.ClassBasedTestDescriptor.lambda$invokeTestInstancePostProcessors$11(ClassBasedTestDescriptor.java:378)
	at java.base/java.util.stream.ReferencePipeline$3$1.accept(ReferencePipeline.java:197)
	at java.base/java.util.stream.ReferencePipeline$2$1.accept(ReferencePipeline.java:179)
	at java.base/java.util.ArrayList$ArrayListSpliterator.forEachRemaining(ArrayList.java:1625)
	at java.base/java.util.stream.AbstractPipeline.copyInto(AbstractPipeline.java:509)
	at java.base/java.util.stream.AbstractPipeline.wrapAndCopyInto(AbstractPipeline.java:499)
	at java.base/java.util.stream.StreamSpliterators$WrappingSpliterator.forEachRemaining(StreamSpliterators.java:310)
	at java.base/java.util.stream.Streams$ConcatSpliterator.forEachRemaining(Streams.java:735)
	at java.base/java.util.stream.Streams$ConcatSpliterator.forEachRemaining(Streams.java:734)
	at java.base/java.util.stream.ReferencePipeline$Head.forEach(ReferencePipeline.java:762)
	at org.junit.jupiter.engine.descriptor.ClassBasedTestDescriptor.invokeTestInstancePostProcessors(ClassBasedTestDescriptor.java:377)
	at org.junit.jupiter.engine.descriptor.ClassBasedTestDescriptor.lambda$instantiateAndPostProcessTestInstance$6(ClassBasedTestDescriptor.java:290)
	at org.junit.platform.engine.support.hierarchical.ThrowableCollector.execute(ThrowableCollector.java:73)
	at org.junit.jupiter.engine.descriptor.ClassBasedTestDescriptor.instantiateAndPostProcessTestInstance(ClassBasedTestDescriptor.java:289)
	at org.junit.jupiter.engine.descriptor.ClassBasedTestDescriptor.lambda$testInstancesProvider$4(ClassBasedTestDescriptor.java:279)
	at java.base/java.util.Optional.orElseGet(Optional.java:364)
	at org.junit.jupiter.engine.descriptor.ClassBasedTestDescriptor.lambda$testInstancesProvider$5(ClassBasedTestDescriptor.java:278)
	at org.junit.jupiter.engine.execution.TestInstancesProvider.getTestInstances(TestInstancesProvider.java:31)
	at org.junit.jupiter.engine.descriptor.TestMethodTestDescriptor.lambda$prepare$0(TestMethodTestDescriptor.java:106)
	at org.junit.platform.engine.support.hierarchical.ThrowableCollector.execute(ThrowableCollector.java:73)
	at org.junit.jupiter.engine.descriptor.TestMethodTestDescriptor.prepare(TestMethodTestDescriptor.java:105)
	at org.junit.jupiter.engine.descriptor.TestMethodTestDescriptor.prepare(TestMethodTestDescriptor.java:69)
	at org.junit.platform.engine.support.hierarchical.NodeTestTask.lambda$prepare$2(NodeTestTask.java:123)
	at org.junit.platform.engine.support.hierarchical.ThrowableCollector.execute(ThrowableCollector.java:73)
	at org.junit.platform.engine.support.hierarchical.NodeTestTask.prepare(NodeTestTask.java:123)
	at org.junit.platform.engine.support.hierarchical.NodeTestTask.execute(NodeTestTask.java:90)
	at java.base/java.util.ArrayList.forEach(ArrayList.java:1511)
	at org.junit.platform.engine.support.hierarchical.SameThreadHierarchicalTestExecutorService.invokeAll(SameThreadHierarchicalTestExecutorService.java:41)
	at org.junit.platform.engine.support.hierarchical.NodeTestTask.lambda$executeRecursively$6(NodeTestTask.java:155)
	at org.junit.platform.engine.support.hierarchical.ThrowableCollector.execute(ThrowableCollector.java:73)
	at org.junit.platform.engine.support.hierarchical.NodeTestTask.lambda$executeRecursively$8(NodeTestTask.java:141)
	at org.junit.platform.engine.support.hierarchical.Node.around(Node.java:137)
	at org.junit.platform.engine.support.hierarchical.NodeTestTask.lambda$executeRecursively$9(NodeTestTask.java:139)
	at org.junit.platform.engine.support.hierarchical.ThrowableCollector.execute(ThrowableCollector.java:73)
	at org.junit.platform.engine.support.hierarchical.NodeTestTask.executeRecursively(NodeTestTask.java:138)
	at org.junit.platform.engine.support.hierarchical.NodeTestTask.execute(NodeTestTask.java:95)
	at java.base/java.util.ArrayList.forEach(ArrayList.java:1511)
	at org.junit.platform.engine.support.hierarchical.SameThreadHierarchicalTestExecutorService.invokeAll(SameThreadHierarchicalTestExecutorService.java:41)
	at org.junit.platform.engine.support.hierarchical.NodeTestTask.lambda$executeRecursively$6(NodeTestTask.java:155)
	at org.junit.platform.engine.support.hierarchical.ThrowableCollector.execute(ThrowableCollector.java:73)
	at org.junit.platform.engine.support.hierarchical.NodeTestTask.lambda$executeRecursively$8(NodeTestTask.java:141)
	at org.junit.platform.engine.support.hierarchical.Node.around(Node.java:137)
	at org.junit.platform.engine.support.hierarchical.NodeTestTask.lambda$executeRecursively$9(NodeTestTask.java:139)
	at org.junit.platform.engine.support.hierarchical.ThrowableCollector.execute(ThrowableCollector.java:73)
	at org.junit.platform.engine.support.hierarchical.NodeTestTask.executeRecursively(NodeTestTask.java:138)
	at org.junit.platform.engine.support.hierarchical.NodeTestTask.execute(NodeTestTask.java:95)
	at org.junit.platform.engine.support.hierarchical.SameThreadHierarchicalTestExecutorService.submit(SameThreadHierarchicalTestExecutorService.java:35)
	at org.junit.platform.engine.support.hierarchical.HierarchicalTestExecutor.execute(HierarchicalTestExecutor.java:57)
	at org.junit.platform.engine.support.hierarchical.HierarchicalTestEngine.execute(HierarchicalTestEngine.java:54)
	at org.junit.platform.launcher.core.EngineExecutionOrchestrator.execute(EngineExecutionOrchestrator.java:198)
	at org.junit.platform.launcher.core.EngineExecutionOrchestrator.execute(EngineExecutionOrchestrator.java:169)
	at org.junit.platform.launcher.core.EngineExecutionOrchestrator.execute(EngineExecutionOrchestrator.java:93)
	at org.junit.platform.launcher.core.EngineExecutionOrchestrator.lambda$execute$0(EngineExecutionOrchestrator.java:58)
	at org.junit.platform.launcher.core.EngineExecutionOrchestrator.withInterceptedStreams(EngineExecutionOrchestrator.java:141)
	at org.junit.platform.launcher.core.EngineExecutionOrchestrator.execute(EngineExecutionOrchestrator.java:57)
	at org.junit.platform.launcher.core.DefaultLauncher.execute(DefaultLauncher.java:103)
	at org.junit.platform.launcher.core.DefaultLauncher.execute(DefaultLauncher.java:94)
	at org.junit.platform.launcher.core.DelegatingLauncher.execute(DelegatingLauncher.java:52)
	at org.junit.platform.launcher.core.SessionPerRequestLauncher.execute(SessionPerRequestLauncher.java:70)
	at org.eclipse.jdt.internal.junit5.runner.JUnit5TestReference.run(JUnit5TestReference.java:98)
	at org.eclipse.jdt.internal.junit.runner.TestExecution.run(TestExecution.java:40)
	at org.eclipse.jdt.internal.junit.runner.RemoteTestRunner.runTests(RemoteTestRunner.java:530)
	at org.eclipse.jdt.internal.junit.runner.RemoteTestRunner.runTests(RemoteTestRunner.java:758)
	at org.eclipse.jdt.internal.junit.runner.RemoteTestRunner.run(RemoteTestRunner.java:453)
	at org.eclipse.jdt.internal.junit.runner.RemoteTestRunner.main(RemoteTestRunner.java:211)
Caused by: org.springframework.beans.factory.UnsatisfiedDependencyException: Error creating bean with name 'mailHelper': Unsatisfied dependency expressed through field 'javaMailSender': No qualifying bean of type 'org.springframework.mail.javamail.JavaMailSender' available: expected at least 1 bean which qualifies as autowire candidate. Dependency annotations: {@org.springframework.beans.factory.annotation.Autowired(required=true)}
	at org.springframework.beans.factory.annotation.AutowiredAnnotationBeanPostProcessor$AutowiredFieldElement.resolveFieldValue(AutowiredAnnotationBeanPostProcessor.java:788)
	at org.springframework.beans.factory.annotation.AutowiredAnnotationBeanPostProcessor$AutowiredFieldElement.inject(AutowiredAnnotationBeanPostProcessor.java:768)
	at org.springframework.beans.factory.annotation.InjectionMetadata.inject(InjectionMetadata.java:145)
	at org.springframework.beans.factory.annotation.AutowiredAnnotationBeanPostProcessor.postProcessProperties(AutowiredAnnotationBeanPostProcessor.java:509)
	at org.springframework.beans.factory.support.AbstractAutowireCapableBeanFactory.populateBean(AbstractAutowireCapableBeanFactory.java:1439)
	at org.springframework.beans.factory.support.AbstractAutowireCapableBeanFactory.doCreateBean(AbstractAutowireCapableBeanFactory.java:599)
	at org.springframework.beans.factory.support.AbstractAutowireCapableBeanFactory.createBean(AbstractAutowireCapableBeanFactory.java:522)
	at org.springframework.beans.factory.support.AbstractBeanFactory.lambda$doGetBean$0(AbstractBeanFactory.java:337)
	at org.springframework.beans.factory.support.DefaultSingletonBeanRegistry.getSingleton(DefaultSingletonBeanRegistry.java:234)
	at org.springframework.beans.factory.support.AbstractBeanFactory.doGetBean(AbstractBeanFactory.java:335)
	at org.springframework.beans.factory.support.AbstractBeanFactory.getBean(AbstractBeanFactory.java:200)
	at org.springframework.beans.factory.support.DefaultListableBeanFactory.preInstantiateSingletons(DefaultListableBeanFactory.java:975)
	at org.springframework.context.support.AbstractApplicationContext.finishBeanFactoryInitialization(AbstractApplicationContext.java:971)
	at org.springframework.context.support.AbstractApplicationContext.refresh(AbstractApplicationContext.java:625)
	at org.springframework.boot.SpringApplication.refresh(SpringApplication.java:754)
	at org.springframework.boot.SpringApplication.refreshContext(SpringApplication.java:456)
	at org.springframework.boot.SpringApplication.run(SpringApplication.java:335)
	at org.springframework.boot.test.context.SpringBootContextLoader.lambda$loadContext$3(SpringBootContextLoader.java:137)
	at org.springframework.util.function.ThrowingSupplier.get(ThrowingSupplier.java:58)
	at org.springframework.util.function.ThrowingSupplier.get(ThrowingSupplier.java:46)
	at org.springframework.boot.SpringApplication.withHook(SpringApplication.java:1463)
	at org.springframework.boot.test.context.SpringBootContextLoader$ContextLoaderHook.run(SpringBootContextLoader.java:553)
	at org.springframework.boot.test.context.SpringBootContextLoader.loadContext(SpringBootContextLoader.java:137)
	at org.springframework.boot.test.context.SpringBootContextLoader.loadContext(SpringBootContextLoader.java:108)
	at org.springframework.test.context.cache.DefaultCacheAwareContextLoaderDelegate.loadContextInternal(DefaultCacheAwareContextLoaderDelegate.java:225)
	at org.springframework.test.context.cache.DefaultCacheAwareContextLoaderDelegate.loadContext(DefaultCacheAwareContextLoaderDelegate.java:152)
	... 72 common frames omitted
Caused by: org.springframework.beans.factory.NoSuchBeanDefinitionException: No qualifying bean of type 'org.springframework.mail.javamail.JavaMailSender' available: expected at least 1 bean which qualifies as autowire candidate. Dependency annotations: {@org.springframework.beans.factory.annotation.Autowired(required=true)}
	at org.springframework.beans.factory.support.DefaultListableBeanFactory.raiseNoMatchingBeanFound(DefaultListableBeanFactory.java:1880)
	at org.springframework.beans.factory.support.DefaultListableBeanFactory.doResolveDependency(DefaultListableBeanFactory.java:1406)
	at org.springframework.beans.factory.support.DefaultListableBeanFactory.resolveDependency(DefaultListableBeanFactory.java:1353)
	at org.springframework.beans.factory.annotation.AutowiredAnnotationBeanPostProcessor$AutowiredFieldElement.resolveFieldValue(AutowiredAnnotationBeanPostProcessor.java:785)
	... 97 common frames omitted
[INFO ] 24-10-21 11:53:40 [DepartmentMapperTest:50] - Starting DepartmentMapperTest using Java 17.0.2 with PID 12456 (started by user in D:\hyeon\08_Spring\08_database)
[DEBUG] 24-10-21 11:53:40 [DepartmentMapperTest:51] - Running with Spring Boot v3.3.4, Spring v6.1.13
[INFO ] 24-10-21 11:53:40 [DepartmentMapperTest:654] - No active profile set, falling back to 1 default profile: "default"
[DEBUG] 24-10-21 11:53:41 [LogFactory:109] - Logging initialized using 'class org.apache.ibatis.logging.slf4j.Slf4jImpl' adapter.
[WARN ] 24-10-21 11:53:41 [GenericWebApplicationContext:633] - Exception encountered during context initialization - cancelling refresh attempt: org.springframework.beans.factory.UnsatisfiedDependencyException: Error creating bean with name 'mailHelper': Unsatisfied dependency expressed through field 'javaMailSender': No qualifying bean of type 'org.springframework.mail.javamail.JavaMailSender' available: expected at least 1 bean which qualifies as autowire candidate. Dependency annotations: {@org.springframework.beans.factory.annotation.Autowired(required=true)}
[ERROR] 24-10-21 11:53:41 [LoggingFailureAnalysisReporter:40] - 

***************************
APPLICATION FAILED TO START
***************************

Description:

Field javaMailSender in com.hyeon.database.helpers.MailHelper required a bean of type 'org.springframework.mail.javamail.JavaMailSender' that could not be found.

The injection point has the following annotations:
	- @org.springframework.beans.factory.annotation.Autowired(required=true)


Action:

Consider defining a bean of type 'org.springframework.mail.javamail.JavaMailSender' in your configuration.

[WARN ] 24-10-21 11:53:41 [TestContextManager:272] - Caught exception while allowing TestExecutionListener [org.springframework.test.context.web.ServletTestExecutionListener] to prepare test instance [com.hyeon.database.mappers.DepartmentMapperTest@773014d3]
java.lang.IllegalStateException: Failed to load ApplicationContext for [WebMergedContextConfiguration@79e7188e testClass = com.hyeon.database.mappers.DepartmentMapperTest, locations = [], classes = [com.hyeon.database.DatabaseApplication], contextInitializerClasses = [], activeProfiles = [], propertySourceDescriptors = [], propertySourceProperties = ["org.springframework.boot.test.context.SpringBootTestContextBootstrapper=true"], contextCustomizers = [org.springframework.boot.test.autoconfigure.actuate.observability.ObservabilityContextCustomizerFactory$DisableObservabilityContextCustomizer@1f, org.springframework.boot.test.autoconfigure.properties.PropertyMappingContextCustomizer@0, org.springframework.boot.test.autoconfigure.web.servlet.WebDriverContextCustomizer@13fd2ccd, org.springframework.boot.test.context.filter.ExcludeFilterContextCustomizer@54e1c68b, org.springframework.boot.test.json.DuplicateJsonObjectContextCustomizerFactory$DuplicateJsonObjectContextCustomizer@783a467b, org.springframework.boot.test.mock.mockito.MockitoContextCustomizer@0, org.springframework.boot.test.web.client.TestRestTemplateContextCustomizer@4a883b15, org.springframework.boot.test.web.reactor.netty.DisableReactorResourceFactoryGlobalResourcesContextCustomizerFactory$DisableReactorResourceFactoryGlobalResourcesContextCustomizerCustomizer@6c1a5b54, org.springframework.boot.test.context.SpringBootTestAnnotation@7e67b75f], resourceBasePath = "src/main/webapp", contextLoader = org.springframework.boot.test.context.SpringBootContextLoader, parent = null]
	at org.springframework.test.context.cache.DefaultCacheAwareContextLoaderDelegate.loadContext(DefaultCacheAwareContextLoaderDelegate.java:180)
	at org.springframework.test.context.support.DefaultTestContext.getApplicationContext(DefaultTestContext.java:130)
	at org.springframework.test.context.web.ServletTestExecutionListener.setUpRequestContextIfNecessary(ServletTestExecutionListener.java:191)
	at org.springframework.test.context.web.ServletTestExecutionListener.prepareTestInstance(ServletTestExecutionListener.java:130)
	at org.springframework.test.context.TestContextManager.prepareTestInstance(TestContextManager.java:260)
	at org.springframework.test.context.junit.jupiter.SpringExtension.postProcessTestInstance(SpringExtension.java:163)
	at org.junit.jupiter.engine.descriptor.ClassBasedTestDescriptor.lambda$invokeTestInstancePostProcessors$10(ClassBasedTestDescriptor.java:378)
	at org.junit.jupiter.engine.descriptor.ClassBasedTestDescriptor.executeAndMaskThrowable(ClassBasedTestDescriptor.java:383)
	at org.junit.jupiter.engine.descriptor.ClassBasedTestDescriptor.lambda$invokeTestInstancePostProcessors$11(ClassBasedTestDescriptor.java:378)
	at java.base/java.util.stream.ReferencePipeline$3$1.accept(ReferencePipeline.java:197)
	at java.base/java.util.stream.ReferencePipeline$2$1.accept(ReferencePipeline.java:179)
	at java.base/java.util.ArrayList$ArrayListSpliterator.forEachRemaining(ArrayList.java:1625)
	at java.base/java.util.stream.AbstractPipeline.copyInto(AbstractPipeline.java:509)
	at java.base/java.util.stream.AbstractPipeline.wrapAndCopyInto(AbstractPipeline.java:499)
	at java.base/java.util.stream.StreamSpliterators$WrappingSpliterator.forEachRemaining(StreamSpliterators.java:310)
	at java.base/java.util.stream.Streams$ConcatSpliterator.forEachRemaining(Streams.java:735)
	at java.base/java.util.stream.Streams$ConcatSpliterator.forEachRemaining(Streams.java:734)
	at java.base/java.util.stream.ReferencePipeline$Head.forEach(ReferencePipeline.java:762)
	at org.junit.jupiter.engine.descriptor.ClassBasedTestDescriptor.invokeTestInstancePostProcessors(ClassBasedTestDescriptor.java:377)
	at org.junit.jupiter.engine.descriptor.ClassBasedTestDescriptor.lambda$instantiateAndPostProcessTestInstance$6(ClassBasedTestDescriptor.java:290)
	at org.junit.platform.engine.support.hierarchical.ThrowableCollector.execute(ThrowableCollector.java:73)
	at org.junit.jupiter.engine.descriptor.ClassBasedTestDescriptor.instantiateAndPostProcessTestInstance(ClassBasedTestDescriptor.java:289)
	at org.junit.jupiter.engine.descriptor.ClassBasedTestDescriptor.lambda$testInstancesProvider$4(ClassBasedTestDescriptor.java:279)
	at java.base/java.util.Optional.orElseGet(Optional.java:364)
	at org.junit.jupiter.engine.descriptor.ClassBasedTestDescriptor.lambda$testInstancesProvider$5(ClassBasedTestDescriptor.java:278)
	at org.junit.jupiter.engine.execution.TestInstancesProvider.getTestInstances(TestInstancesProvider.java:31)
	at org.junit.jupiter.engine.descriptor.TestMethodTestDescriptor.lambda$prepare$0(TestMethodTestDescriptor.java:106)
	at org.junit.platform.engine.support.hierarchical.ThrowableCollector.execute(ThrowableCollector.java:73)
	at org.junit.jupiter.engine.descriptor.TestMethodTestDescriptor.prepare(TestMethodTestDescriptor.java:105)
	at org.junit.jupiter.engine.descriptor.TestMethodTestDescriptor.prepare(TestMethodTestDescriptor.java:69)
	at org.junit.platform.engine.support.hierarchical.NodeTestTask.lambda$prepare$2(NodeTestTask.java:123)
	at org.junit.platform.engine.support.hierarchical.ThrowableCollector.execute(ThrowableCollector.java:73)
	at org.junit.platform.engine.support.hierarchical.NodeTestTask.prepare(NodeTestTask.java:123)
	at org.junit.platform.engine.support.hierarchical.NodeTestTask.execute(NodeTestTask.java:90)
	at java.base/java.util.ArrayList.forEach(ArrayList.java:1511)
	at org.junit.platform.engine.support.hierarchical.SameThreadHierarchicalTestExecutorService.invokeAll(SameThreadHierarchicalTestExecutorService.java:41)
	at org.junit.platform.engine.support.hierarchical.NodeTestTask.lambda$executeRecursively$6(NodeTestTask.java:155)
	at org.junit.platform.engine.support.hierarchical.ThrowableCollector.execute(ThrowableCollector.java:73)
	at org.junit.platform.engine.support.hierarchical.NodeTestTask.lambda$executeRecursively$8(NodeTestTask.java:141)
	at org.junit.platform.engine.support.hierarchical.Node.around(Node.java:137)
	at org.junit.platform.engine.support.hierarchical.NodeTestTask.lambda$executeRecursively$9(NodeTestTask.java:139)
	at org.junit.platform.engine.support.hierarchical.ThrowableCollector.execute(ThrowableCollector.java:73)
	at org.junit.platform.engine.support.hierarchical.NodeTestTask.executeRecursively(NodeTestTask.java:138)
	at org.junit.platform.engine.support.hierarchical.NodeTestTask.execute(NodeTestTask.java:95)
	at java.base/java.util.ArrayList.forEach(ArrayList.java:1511)
	at org.junit.platform.engine.support.hierarchical.SameThreadHierarchicalTestExecutorService.invokeAll(SameThreadHierarchicalTestExecutorService.java:41)
	at org.junit.platform.engine.support.hierarchical.NodeTestTask.lambda$executeRecursively$6(NodeTestTask.java:155)
	at org.junit.platform.engine.support.hierarchical.ThrowableCollector.execute(ThrowableCollector.java:73)
	at org.junit.platform.engine.support.hierarchical.NodeTestTask.lambda$executeRecursively$8(NodeTestTask.java:141)
	at org.junit.platform.engine.support.hierarchical.Node.around(Node.java:137)
	at org.junit.platform.engine.support.hierarchical.NodeTestTask.lambda$executeRecursively$9(NodeTestTask.java:139)
	at org.junit.platform.engine.support.hierarchical.ThrowableCollector.execute(ThrowableCollector.java:73)
	at org.junit.platform.engine.support.hierarchical.NodeTestTask.executeRecursively(NodeTestTask.java:138)
	at org.junit.platform.engine.support.hierarchical.NodeTestTask.execute(NodeTestTask.java:95)
	at org.junit.platform.engine.support.hierarchical.SameThreadHierarchicalTestExecutorService.submit(SameThreadHierarchicalTestExecutorService.java:35)
	at org.junit.platform.engine.support.hierarchical.HierarchicalTestExecutor.execute(HierarchicalTestExecutor.java:57)
	at org.junit.platform.engine.support.hierarchical.HierarchicalTestEngine.execute(HierarchicalTestEngine.java:54)
	at org.junit.platform.launcher.core.EngineExecutionOrchestrator.execute(EngineExecutionOrchestrator.java:198)
	at org.junit.platform.launcher.core.EngineExecutionOrchestrator.execute(EngineExecutionOrchestrator.java:169)
	at org.junit.platform.launcher.core.EngineExecutionOrchestrator.execute(EngineExecutionOrchestrator.java:93)
	at org.junit.platform.launcher.core.EngineExecutionOrchestrator.lambda$execute$0(EngineExecutionOrchestrator.java:58)
	at org.junit.platform.launcher.core.EngineExecutionOrchestrator.withInterceptedStreams(EngineExecutionOrchestrator.java:141)
	at org.junit.platform.launcher.core.EngineExecutionOrchestrator.execute(EngineExecutionOrchestrator.java:57)
	at org.junit.platform.launcher.core.DefaultLauncher.execute(DefaultLauncher.java:103)
	at org.junit.platform.launcher.core.DefaultLauncher.execute(DefaultLauncher.java:94)
	at org.junit.platform.launcher.core.DelegatingLauncher.execute(DelegatingLauncher.java:52)
	at org.junit.platform.launcher.core.SessionPerRequestLauncher.execute(SessionPerRequestLauncher.java:70)
	at org.eclipse.jdt.internal.junit5.runner.JUnit5TestReference.run(JUnit5TestReference.java:98)
	at org.eclipse.jdt.internal.junit.runner.TestExecution.run(TestExecution.java:40)
	at org.eclipse.jdt.internal.junit.runner.RemoteTestRunner.runTests(RemoteTestRunner.java:530)
	at org.eclipse.jdt.internal.junit.runner.RemoteTestRunner.runTests(RemoteTestRunner.java:758)
	at org.eclipse.jdt.internal.junit.runner.RemoteTestRunner.run(RemoteTestRunner.java:453)
	at org.eclipse.jdt.internal.junit.runner.RemoteTestRunner.main(RemoteTestRunner.java:211)
Caused by: org.springframework.beans.factory.UnsatisfiedDependencyException: Error creating bean with name 'mailHelper': Unsatisfied dependency expressed through field 'javaMailSender': No qualifying bean of type 'org.springframework.mail.javamail.JavaMailSender' available: expected at least 1 bean which qualifies as autowire candidate. Dependency annotations: {@org.springframework.beans.factory.annotation.Autowired(required=true)}
	at org.springframework.beans.factory.annotation.AutowiredAnnotationBeanPostProcessor$AutowiredFieldElement.resolveFieldValue(AutowiredAnnotationBeanPostProcessor.java:788)
	at org.springframework.beans.factory.annotation.AutowiredAnnotationBeanPostProcessor$AutowiredFieldElement.inject(AutowiredAnnotationBeanPostProcessor.java:768)
	at org.springframework.beans.factory.annotation.InjectionMetadata.inject(InjectionMetadata.java:145)
	at org.springframework.beans.factory.annotation.AutowiredAnnotationBeanPostProcessor.postProcessProperties(AutowiredAnnotationBeanPostProcessor.java:509)
	at org.springframework.beans.factory.support.AbstractAutowireCapableBeanFactory.populateBean(AbstractAutowireCapableBeanFactory.java:1439)
	at org.springframework.beans.factory.support.AbstractAutowireCapableBeanFactory.doCreateBean(AbstractAutowireCapableBeanFactory.java:599)
	at org.springframework.beans.factory.support.AbstractAutowireCapableBeanFactory.createBean(AbstractAutowireCapableBeanFactory.java:522)
	at org.springframework.beans.factory.support.AbstractBeanFactory.lambda$doGetBean$0(AbstractBeanFactory.java:337)
	at org.springframework.beans.factory.support.DefaultSingletonBeanRegistry.getSingleton(DefaultSingletonBeanRegistry.java:234)
	at org.springframework.beans.factory.support.AbstractBeanFactory.doGetBean(AbstractBeanFactory.java:335)
	at org.springframework.beans.factory.support.AbstractBeanFactory.getBean(AbstractBeanFactory.java:200)
	at org.springframework.beans.factory.support.DefaultListableBeanFactory.preInstantiateSingletons(DefaultListableBeanFactory.java:975)
	at org.springframework.context.support.AbstractApplicationContext.finishBeanFactoryInitialization(AbstractApplicationContext.java:971)
	at org.springframework.context.support.AbstractApplicationContext.refresh(AbstractApplicationContext.java:625)
	at org.springframework.boot.SpringApplication.refresh(SpringApplication.java:754)
	at org.springframework.boot.SpringApplication.refreshContext(SpringApplication.java:456)
	at org.springframework.boot.SpringApplication.run(SpringApplication.java:335)
	at org.springframework.boot.test.context.SpringBootContextLoader.lambda$loadContext$3(SpringBootContextLoader.java:137)
	at org.springframework.util.function.ThrowingSupplier.get(ThrowingSupplier.java:58)
	at org.springframework.util.function.ThrowingSupplier.get(ThrowingSupplier.java:46)
	at org.springframework.boot.SpringApplication.withHook(SpringApplication.java:1463)
	at org.springframework.boot.test.context.SpringBootContextLoader$ContextLoaderHook.run(SpringBootContextLoader.java:553)
	at org.springframework.boot.test.context.SpringBootContextLoader.loadContext(SpringBootContextLoader.java:137)
	at org.springframework.boot.test.context.SpringBootContextLoader.loadContext(SpringBootContextLoader.java:108)
	at org.springframework.test.context.cache.DefaultCacheAwareContextLoaderDelegate.loadContextInternal(DefaultCacheAwareContextLoaderDelegate.java:225)
	at org.springframework.test.context.cache.DefaultCacheAwareContextLoaderDelegate.loadContext(DefaultCacheAwareContextLoaderDelegate.java:152)
	... 72 common frames omitted
Caused by: org.springframework.beans.factory.NoSuchBeanDefinitionException: No qualifying bean of type 'org.springframework.mail.javamail.JavaMailSender' available: expected at least 1 bean which qualifies as autowire candidate. Dependency annotations: {@org.springframework.beans.factory.annotation.Autowired(required=true)}
	at org.springframework.beans.factory.support.DefaultListableBeanFactory.raiseNoMatchingBeanFound(DefaultListableBeanFactory.java:1880)
	at org.springframework.beans.factory.support.DefaultListableBeanFactory.doResolveDependency(DefaultListableBeanFactory.java:1406)
	at org.springframework.beans.factory.support.DefaultListableBeanFactory.resolveDependency(DefaultListableBeanFactory.java:1353)
	at org.springframework.beans.factory.annotation.AutowiredAnnotationBeanPostProcessor$AutowiredFieldElement.resolveFieldValue(AutowiredAnnotationBeanPostProcessor.java:785)
	... 97 common frames omitted
[INFO ] 24-10-21 11:54:25 [DepartmentMapperTest:50] - Starting DepartmentMapperTest using Java 17.0.2 with PID 6508 (started by user in D:\hyeon\08_Spring\08_database)
[DEBUG] 24-10-21 11:54:25 [DepartmentMapperTest:51] - Running with Spring Boot v3.3.4, Spring v6.1.13
[INFO ] 24-10-21 11:54:25 [DepartmentMapperTest:654] - No active profile set, falling back to 1 default profile: "default"
[DEBUG] 24-10-21 11:54:27 [LogFactory:109] - Logging initialized using 'class org.apache.ibatis.logging.slf4j.Slf4jImpl' adapter.
[INFO ] 24-10-21 11:54:29 [DepartmentMapperTest:56] - Started DepartmentMapperTest in 4.29 seconds (process running for 5.579)
[INFO ] 24-10-21 11:54:30 [DepartmentMapperTest:50] - Starting DepartmentMapperTest using Java 17.0.2 with PID 11500 (started by user in D:\hyeon\08_Spring\08_database)
[DEBUG] 24-10-21 11:54:30 [DepartmentMapperTest:51] - Running with Spring Boot v3.3.4, Spring v6.1.13
[INFO ] 24-10-21 11:54:30 [DepartmentMapperTest:654] - No active profile set, falling back to 1 default profile: "default"
[DEBUG] 24-10-21 11:54:32 [insert:135] - ==>  Preparing: INSERT INTO department (dname, loc) VALUES (?, ?)
[DEBUG] 24-10-21 11:54:32 [insert:135] - ==> Parameters: 스프링(String), G강의실(String)
[DEBUG] 24-10-21 11:54:32 [insert:135] - <==    Updates: 1
[DEBUG] 24-10-21 11:54:32 [DepartmentMapperTest:30] - output: 1
[DEBUG] 24-10-21 11:54:32 [DepartmentMapperTest:32] - new deptno: 310
[DEBUG] 24-10-21 11:54:32 [LogFactory:109] - Logging initialized using 'class org.apache.ibatis.logging.slf4j.Slf4jImpl' adapter.
[INFO ] 24-10-21 11:54:33 [DepartmentMapperTest:56] - Started DepartmentMapperTest in 3.544 seconds (process running for 5.626)
[DEBUG] 24-10-21 11:54:34 [insert:135] - ==>  Preparing: INSERT INTO department (dname, loc) VALUES (?, ?)
[DEBUG] 24-10-21 11:54:34 [insert:135] - ==> Parameters: 스프링(String), G강의실(String)
[DEBUG] 24-10-21 11:54:34 [insert:135] - <==    Updates: 1
[DEBUG] 24-10-21 11:54:34 [DepartmentMapperTest:30] - output: 1
[DEBUG] 24-10-21 11:54:34 [DepartmentMapperTest:32] - new deptno: 311
[INFO ] 24-10-21 12:18:35 [DepartmentMapperTest:50] - Starting DepartmentMapperTest using Java 17.0.2 with PID 1204 (started by user in D:\hyeon\08_Spring\08_database)
[DEBUG] 24-10-21 12:18:35 [DepartmentMapperTest:51] - Running with Spring Boot v3.3.4, Spring v6.1.13
[INFO ] 24-10-21 12:18:35 [DepartmentMapperTest:654] - No active profile set, falling back to 1 default profile: "default"
[DEBUG] 24-10-21 12:18:36 [LogFactory:109] - Logging initialized using 'class org.apache.ibatis.logging.slf4j.Slf4jImpl' adapter.
[INFO ] 24-10-21 12:18:37 [DepartmentMapperTest:56] - Started DepartmentMapperTest in 2.432 seconds (process running for 3.679)
[DEBUG] 24-10-21 12:18:39 [delete:135] - ==>  Preparing: DELETE FROM department WHERE deptno = ?
[DEBUG] 24-10-21 12:18:39 [delete:135] - ==> Parameters: 311(Integer)
[DEBUG] 24-10-21 12:18:39 [delete:135] - <==    Updates: 1
[DEBUG] 24-10-21 12:18:39 [DepartmentMapperTest:58] - output: 1
[DEBUG] 24-10-21 12:18:39 [update:135] - ==>  Preparing: UPDATE department SET dname=?, loc=? WHERE deptno=?
[DEBUG] 24-10-21 12:18:39 [update:135] - ==> Parameters: 스프링학과(String), G강의실(String), 310(Integer)
[DEBUG] 24-10-21 12:18:39 [update:135] - <==    Updates: 1
[DEBUG] 24-10-21 12:18:39 [DepartmentMapperTest:47] - output: 1
[DEBUG] 24-10-21 12:18:39 [insert:135] - ==>  Preparing: INSERT INTO department (dname, loc) VALUES (?, ?)
[DEBUG] 24-10-21 12:18:39 [insert:135] - ==> Parameters: 스프링(String), G강의실(String)
[DEBUG] 24-10-21 12:18:39 [insert:135] - <==    Updates: 1
[DEBUG] 24-10-21 12:18:39 [DepartmentMapperTest:32] - output: 1
[DEBUG] 24-10-21 12:18:39 [DepartmentMapperTest:34] - new deptno: 312
[DEBUG] 24-10-21 12:18:39 [selectList:135] - ==>  Preparing: SELECT deptno, dname, loc FROM department ORDER BY deptno DESC
[DEBUG] 24-10-21 12:18:39 [selectList:135] - ==> Parameters: 
[DEBUG] 24-10-21 12:18:39 [selectList:135] - <==      Total: 8
[DEBUG] 24-10-21 12:18:39 [DepartmentMapperTest:78] - output: Department(deptNo=312, dname=스프링, loc=G강의실)
[DEBUG] 24-10-21 12:18:39 [DepartmentMapperTest:78] - output: Department(deptNo=310, dname=스프링학과, loc=G강의실)
[DEBUG] 24-10-21 12:18:39 [DepartmentMapperTest:78] - output: Department(deptNo=309, dname=컴퓨터과학과, loc=g102)
[DEBUG] 24-10-21 12:18:39 [DepartmentMapperTest:78] - output: Department(deptNo=308, dname=국어교육과, loc=s402호)
[DEBUG] 24-10-21 12:18:39 [DepartmentMapperTest:78] - output: Department(deptNo=201, dname=hello, loc=world)
[DEBUG] 24-10-21 12:18:39 [DepartmentMapperTest:78] - output: Department(deptNo=103, dname=게임학과, loc=G302)
[DEBUG] 24-10-21 12:18:39 [DepartmentMapperTest:78] - output: Department(deptNo=102, dname=멀티미디어학과, loc=2호관)
[DEBUG] 24-10-21 12:18:39 [DepartmentMapperTest:78] - output: Department(deptNo=101, dname=컴퓨터공학과, loc=1호관)
[DEBUG] 24-10-21 12:18:39 [selectItem:135] - ==>  Preparing: SELECT deptno, dname, loc FROM department WHERE deptno=?
[DEBUG] 24-10-21 12:18:39 [selectItem:135] - ==> Parameters: 102(Integer)
[DEBUG] 24-10-21 12:18:39 [selectItem:135] - <==      Total: 1
[DEBUG] 24-10-21 12:18:39 [DepartmentMapperTest:69] - output: Department(deptNo=102, dname=멀티미디어학과, loc=2호관)
[INFO ] 24-10-21 13:00:39 [DepartmentMapperTest:50] - Starting DepartmentMapperTest using Java 17.0.2 with PID 12952 (started by user in D:\hyeon\08_Spring\08_database)
[DEBUG] 24-10-21 13:00:39 [DepartmentMapperTest:51] - Running with Spring Boot v3.3.4, Spring v6.1.13
[INFO ] 24-10-21 13:00:39 [DepartmentMapperTest:654] - No active profile set, falling back to 1 default profile: "default"
[DEBUG] 24-10-21 13:00:40 [LogFactory:109] - Logging initialized using 'class org.apache.ibatis.logging.slf4j.Slf4jImpl' adapter.
[INFO ] 24-10-21 13:00:42 [DepartmentMapperTest:56] - Started DepartmentMapperTest in 2.748 seconds (process running for 4.145)
[DEBUG] 24-10-21 13:00:43 [insert:135] - ==>  Preparing: INSERT INTO department (dname, loc) VALUES (?, ?)
[DEBUG] 24-10-21 13:00:43 [insert:135] - ==> Parameters: 스프링(String), G강의실(String)
[DEBUG] 24-10-21 13:00:43 [insert:135] - <==    Updates: 1
[DEBUG] 24-10-21 13:00:43 [DepartmentMapperTest:32] - output: 1
[DEBUG] 24-10-21 13:00:43 [DepartmentMapperTest:34] - new deptno: 313
[INFO ] 24-10-21 13:01:07 [ProfessorMapperTest:50] - Starting ProfessorMapperTest using Java 17.0.2 with PID 12180 (started by user in D:\hyeon\08_Spring\08_database)
[DEBUG] 24-10-21 13:01:07 [ProfessorMapperTest:51] - Running with Spring Boot v3.3.4, Spring v6.1.13
[INFO ] 24-10-21 13:01:07 [ProfessorMapperTest:654] - No active profile set, falling back to 1 default profile: "default"
[DEBUG] 24-10-21 13:01:08 [LogFactory:109] - Logging initialized using 'class org.apache.ibatis.logging.slf4j.Slf4jImpl' adapter.
[INFO ] 24-10-21 13:01:09 [ProfessorMapperTest:56] - Started ProfessorMapperTest in 2.687 seconds (process running for 4.611)
[DEBUG] 24-10-21 13:01:10 [insert:135] - ==>  Preparing: INSERT INTO professor (name, userid, position, sal, hiredate, comm, deptno) VALUES (?, ?, ?, ?, ?, ?, ?)
[DEBUG] 24-10-21 13:01:10 [insert:135] - ==> Parameters: 이광호(String), leekh(String), 교수(String), 500(Integer), 2023-04-11(String), 100(Integer), 101(Integer)
[DEBUG] 24-10-21 13:01:10 [insert:135] - <==    Updates: 1
[DEBUG] 24-10-21 13:01:10 [ProfessorMapperTest:36] - output: 1
[DEBUG] 24-10-21 13:01:10 [ProfessorMapperTest:37] - new profno: 9924
[INFO ] 24-10-21 13:02:13 [ProfessorMapperTest:50] - Starting ProfessorMapperTest using Java 17.0.2 with PID 6300 (started by user in D:\hyeon\08_Spring\08_database)
[DEBUG] 24-10-21 13:02:13 [ProfessorMapperTest:51] - Running with Spring Boot v3.3.4, Spring v6.1.13
[INFO ] 24-10-21 13:02:13 [ProfessorMapperTest:654] - No active profile set, falling back to 1 default profile: "default"
[DEBUG] 24-10-21 13:02:14 [LogFactory:109] - Logging initialized using 'class org.apache.ibatis.logging.slf4j.Slf4jImpl' adapter.
[INFO ] 24-10-21 13:02:15 [ProfessorMapperTest:56] - Started ProfessorMapperTest in 2.521 seconds (process running for 4.168)
[DEBUG] 24-10-21 13:02:16 [update:135] - ==>  Preparing: UPDATE professor SET name=?, userid=?, position=?, sal=?, hiredate=?, comm=?, deptno=? WHERE profno=?
[DEBUG] 24-10-21 13:02:16 [update:135] - ==> Parameters: 이광호(String), hossam(String), 교수(String), 600(Integer), 2023-04-11(String), 90(Integer), 101(Integer), 0(Integer)
[DEBUG] 24-10-21 13:02:16 [update:135] - <==    Updates: 0
[DEBUG] 24-10-21 13:02:16 [ProfessorMapperTest:55] - output: 0
[INFO ] 24-10-21 13:02:40 [ProfessorMapperTest:50] - Starting ProfessorMapperTest using Java 17.0.2 with PID 7916 (started by user in D:\hyeon\08_Spring\08_database)
[DEBUG] 24-10-21 13:02:40 [ProfessorMapperTest:51] - Running with Spring Boot v3.3.4, Spring v6.1.13
[INFO ] 24-10-21 13:02:40 [ProfessorMapperTest:654] - No active profile set, falling back to 1 default profile: "default"
[DEBUG] 24-10-21 13:02:40 [LogFactory:109] - Logging initialized using 'class org.apache.ibatis.logging.slf4j.Slf4jImpl' adapter.
[INFO ] 24-10-21 13:02:42 [ProfessorMapperTest:56] - Started ProfessorMapperTest in 2.513 seconds (process running for 3.884)
[DEBUG] 24-10-21 13:02:43 [delete:135] - ==>  Preparing: DELETE FROM professor WHERE profno = ?
[DEBUG] 24-10-21 13:02:43 [delete:135] - ==> Parameters: 9924(Integer)
[DEBUG] 24-10-21 13:02:43 [delete:135] - <==    Updates: 1
[DEBUG] 24-10-21 13:02:43 [ProfessorMapperTest:66] - output: 1
[INFO ] 24-10-21 13:02:52 [ProfessorMapperTest:50] - Starting ProfessorMapperTest using Java 17.0.2 with PID 6812 (started by user in D:\hyeon\08_Spring\08_database)
[DEBUG] 24-10-21 13:02:52 [ProfessorMapperTest:51] - Running with Spring Boot v3.3.4, Spring v6.1.13
[INFO ] 24-10-21 13:02:52 [ProfessorMapperTest:654] - No active profile set, falling back to 1 default profile: "default"
[DEBUG] 24-10-21 13:02:53 [LogFactory:109] - Logging initialized using 'class org.apache.ibatis.logging.slf4j.Slf4jImpl' adapter.
[INFO ] 24-10-21 13:02:54 [ProfessorMapperTest:56] - Started ProfessorMapperTest in 2.419 seconds (process running for 3.846)
[DEBUG] 24-10-21 13:02:55 [selectItem:135] - ==>  Preparing: SELECT profno, name, userid, position, sal, hiredate, comm, deptno FROM professor WHERE profno=?
[DEBUG] 24-10-21 13:02:55 [selectItem:135] - ==> Parameters: 9920(Integer)
[DEBUG] 24-10-21 13:02:55 [selectItem:135] - <==      Total: 1
[DEBUG] 24-10-21 13:02:55 [ProfessorMapperTest:77] - output: Professor(profno=9920, name=김현수, userid=hyun456, position=교수, sal=500, hiredate=2000-03-03 00:00:00, comm=60, deptno=103)
[INFO ] 24-10-21 13:03:03 [ProfessorMapperTest:50] - Starting ProfessorMapperTest using Java 17.0.2 with PID 1804 (started by user in D:\hyeon\08_Spring\08_database)
[DEBUG] 24-10-21 13:03:03 [ProfessorMapperTest:51] - Running with Spring Boot v3.3.4, Spring v6.1.13
[INFO ] 24-10-21 13:03:03 [ProfessorMapperTest:654] - No active profile set, falling back to 1 default profile: "default"
[DEBUG] 24-10-21 13:03:04 [LogFactory:109] - Logging initialized using 'class org.apache.ibatis.logging.slf4j.Slf4jImpl' adapter.
[INFO ] 24-10-21 13:03:05 [ProfessorMapperTest:56] - Started ProfessorMapperTest in 2.471 seconds (process running for 3.749)
[DEBUG] 24-10-21 13:03:07 [selectList:135] - ==>  Preparing: SELECT profno, name, userid, position, sal, hiredate, comm, deptno FROM professor
[DEBUG] 24-10-21 13:03:07 [selectList:135] - ==> Parameters: 
[DEBUG] 24-10-21 13:03:07 [selectList:135] - <==      Total: 6
[DEBUG] 24-10-21 13:03:07 [ProfessorMapperTest:86] - output: Professor(profno=9901, name=김도훈, userid=capool, position=교수, sal=500, hiredate=1982-06-12 00:00:00, comm=20, deptno=101)
[DEBUG] 24-10-21 13:03:07 [ProfessorMapperTest:86] - output: Professor(profno=9904, name=염일웅, userid=blue77, position=전임강사, sal=240, hiredate=1998-10-11 00:00:00, comm=null, deptno=102)
[DEBUG] 24-10-21 13:03:07 [ProfessorMapperTest:86] - output: Professor(profno=9905, name=권혁일, userid=refresh, position=교수, sal=450, hiredate=1986-02-11 00:00:00, comm=25, deptno=102)
[DEBUG] 24-10-21 13:03:07 [ProfessorMapperTest:86] - output: Professor(profno=9906, name=이만식, userid=pocari, position=부교수, sal=420, hiredate=1988-07-11 00:00:00, comm=null, deptno=101)
[DEBUG] 24-10-21 13:03:07 [ProfessorMapperTest:86] - output: Professor(profno=9907, name=전은지, userid=totoro, position=전임강사, sal=210, hiredate=2001-05-11 00:00:00, comm=null, deptno=101)
[DEBUG] 24-10-21 13:03:07 [ProfessorMapperTest:86] - output: Professor(profno=9920, name=김현수, userid=hyun456, position=교수, sal=500, hiredate=2000-03-03 00:00:00, comm=60, deptno=103)
[INFO ] 24-10-21 14:40:00 [ProfessorMapperTest:50] - Starting ProfessorMapperTest using Java 17.0.2 with PID 10924 (started by user in D:\hyeon\08_Spring\08_database)
[DEBUG] 24-10-21 14:40:00 [ProfessorMapperTest:51] - Running with Spring Boot v3.3.4, Spring v6.1.13
[INFO ] 24-10-21 14:40:00 [ProfessorMapperTest:654] - No active profile set, falling back to 1 default profile: "default"
[DEBUG] 24-10-21 14:40:01 [LogFactory:109] - Logging initialized using 'class org.apache.ibatis.logging.slf4j.Slf4jImpl' adapter.
[INFO ] 24-10-21 14:40:02 [ProfessorMapperTest:56] - Started ProfessorMapperTest in 2.453 seconds (process running for 3.575)
[INFO ] 24-10-21 14:46:02 [StudentMapperTest:50] - Starting StudentMapperTest using Java 17.0.2 with PID 3952 (started by user in D:\hyeon\08_Spring\08_database)
[DEBUG] 24-10-21 14:46:02 [StudentMapperTest:51] - Running with Spring Boot v3.3.4, Spring v6.1.13
[INFO ] 24-10-21 14:46:02 [StudentMapperTest:654] - No active profile set, falling back to 1 default profile: "default"
[DEBUG] 24-10-21 14:46:03 [LogFactory:109] - Logging initialized using 'class org.apache.ibatis.logging.slf4j.Slf4jImpl' adapter.
[INFO ] 24-10-21 14:46:05 [StudentMapperTest:56] - Started StudentMapperTest in 2.752 seconds (process running for 4.116)
[INFO ] 24-10-21 14:50:34 [StudentMapperTest:50] - Starting StudentMapperTest using Java 17.0.2 with PID 244 (started by user in D:\hyeon\08_Spring\08_database)
[DEBUG] 24-10-21 14:50:34 [StudentMapperTest:51] - Running with Spring Boot v3.3.4, Spring v6.1.13
[INFO ] 24-10-21 14:50:34 [StudentMapperTest:654] - No active profile set, falling back to 1 default profile: "default"
[DEBUG] 24-10-21 14:50:35 [LogFactory:109] - Logging initialized using 'class org.apache.ibatis.logging.slf4j.Slf4jImpl' adapter.
[INFO ] 24-10-21 14:50:37 [StudentMapperTest:56] - Started StudentMapperTest in 2.586 seconds (process running for 3.859)
[DEBUG] 24-10-21 14:50:38 [insert:135] - ==>  Preparing: INSERT INTO student (name, userid, grade, idnum, birthdate, tel, height, weight, height, studno) VALUES (?, ?, ?, ?, ?, ?, ?, ?, ?, ?)
[DEBUG] 24-10-21 14:50:38 [insert:135] - ==> Parameters: 이광호(String), leekh(String), 4(Integer), 9012161234567(String), 2023-04-11(String), 010-1234-5678(String), 175(Integer), 100(Integer), 175(Integer), 0(Integer)
[INFO ] 24-10-21 14:53:07 [StudentMapperTest:50] - Starting StudentMapperTest using Java 17.0.2 with PID 15720 (started by user in D:\hyeon\08_Spring\08_database)
[DEBUG] 24-10-21 14:53:07 [StudentMapperTest:51] - Running with Spring Boot v3.3.4, Spring v6.1.13
[INFO ] 24-10-21 14:53:07 [StudentMapperTest:654] - No active profile set, falling back to 1 default profile: "default"
[DEBUG] 24-10-21 14:53:07 [LogFactory:109] - Logging initialized using 'class org.apache.ibatis.logging.slf4j.Slf4jImpl' adapter.
[INFO ] 24-10-21 14:53:09 [StudentMapperTest:56] - Started StudentMapperTest in 2.431 seconds (process running for 3.628)
[DEBUG] 24-10-21 14:53:10 [insert:135] - ==>  Preparing: INSERT INTO student (name, userid, grade, idnum, birthdate, tel, height, weight, deptno, profno) VALUES (?, ?, ?, ?, ?, ?, ?, ?, ?, ?)
[DEBUG] 24-10-21 14:53:10 [insert:135] - ==> Parameters: 이광호(String), leekh(String), 4(Integer), 9012161234567(String), 2023-04-11(String), 010-1234-5678(String), 175(Integer), 100(Integer), 101(Integer), null
[DEBUG] 24-10-21 14:53:10 [insert:135] - <==    Updates: 1
[DEBUG] 24-10-21 14:53:10 [StudentMapperTest:39] - output: 1
[DEBUG] 24-10-21 14:53:10 [StudentMapperTest:40] - new studno: 20110
[INFO ] 24-10-21 14:53:47 [StudentMapperTest:50] - Starting StudentMapperTest using Java 17.0.2 with PID 6272 (started by user in D:\hyeon\08_Spring\08_database)
[DEBUG] 24-10-21 14:53:47 [StudentMapperTest:51] - Running with Spring Boot v3.3.4, Spring v6.1.13
[INFO ] 24-10-21 14:53:47 [StudentMapperTest:654] - No active profile set, falling back to 1 default profile: "default"
[DEBUG] 24-10-21 14:53:48 [LogFactory:109] - Logging initialized using 'class org.apache.ibatis.logging.slf4j.Slf4jImpl' adapter.
[INFO ] 24-10-21 14:53:49 [StudentMapperTest:56] - Started StudentMapperTest in 2.517 seconds (process running for 3.761)
[DEBUG] 24-10-21 14:53:51 [update:135] - ==>  Preparing: UPDATE student SET name=?, userid=?, grade=?, idnum=?, birthdate=?, tel=?, height=?, weight=?, height=?, profno=? WHERE studno=?
[DEBUG] 24-10-21 14:53:51 [update:135] - ==> Parameters: 이광호(String), hossam(String), 4(Integer), 9012161234567(String), 2023-04-11(String), 010-1234-5679(String), 175(Integer), 100(Integer), 175(Integer), 9901(Integer), 20110(Integer)
[DEBUG] 24-10-21 14:53:51 [update:135] - <==    Updates: 1
[DEBUG] 24-10-21 14:53:51 [StudentMapperTest:61] - output: 1
[INFO ] 24-10-21 14:54:17 [StudentMapperTest:50] - Starting StudentMapperTest using Java 17.0.2 with PID 12604 (started by user in D:\hyeon\08_Spring\08_database)
[DEBUG] 24-10-21 14:54:17 [StudentMapperTest:51] - Running with Spring Boot v3.3.4, Spring v6.1.13
[INFO ] 24-10-21 14:54:17 [StudentMapperTest:654] - No active profile set, falling back to 1 default profile: "default"
[DEBUG] 24-10-21 14:54:18 [LogFactory:109] - Logging initialized using 'class org.apache.ibatis.logging.slf4j.Slf4jImpl' adapter.
[INFO ] 24-10-21 14:54:19 [StudentMapperTest:56] - Started StudentMapperTest in 2.551 seconds (process running for 3.796)
[DEBUG] 24-10-21 14:54:20 [delete:135] - ==>  Preparing: DELETE FROM student WHERE studno = ?
[DEBUG] 24-10-21 14:54:20 [delete:135] - ==> Parameters: 20110(Integer)
[DEBUG] 24-10-21 14:54:20 [delete:135] - <==    Updates: 1
[DEBUG] 24-10-21 14:54:20 [StudentMapperTest:72] - output: 1
[INFO ] 24-10-21 14:54:55 [StudentMapperTest:50] - Starting StudentMapperTest using Java 17.0.2 with PID 15064 (started by user in D:\hyeon\08_Spring\08_database)
[DEBUG] 24-10-21 14:54:55 [StudentMapperTest:51] - Running with Spring Boot v3.3.4, Spring v6.1.13
[INFO ] 24-10-21 14:54:55 [StudentMapperTest:654] - No active profile set, falling back to 1 default profile: "default"
[DEBUG] 24-10-21 14:54:56 [LogFactory:109] - Logging initialized using 'class org.apache.ibatis.logging.slf4j.Slf4jImpl' adapter.
[INFO ] 24-10-21 14:54:57 [StudentMapperTest:56] - Started StudentMapperTest in 2.455 seconds (process running for 3.606)
[DEBUG] 24-10-21 14:54:58 [selectItem:135] - ==>  Preparing: SELECT studno, name, userid, grade, idnum, birthdate, tel, height, weight, height, profno FROM student WHERE studno=?
[DEBUG] 24-10-21 14:54:58 [selectItem:135] - ==> Parameters: 20109(Integer)
[DEBUG] 24-10-21 14:54:58 [selectItem:135] - <==      Total: 1
[DEBUG] 24-10-21 14:54:58 [StudentMapperTest:83] - output: Student(studno=20109, name=구본혁, userid=hyuk99, grade=2, idnum=9704050000000, birthdate=1997-04-05 00:00:00, tel=010-1111-2222, height=190, weight=80, deptno=0, profno=9920)
[INFO ] 24-10-21 14:55:09 [StudentMapperTest:50] - Starting StudentMapperTest using Java 17.0.2 with PID 15316 (started by user in D:\hyeon\08_Spring\08_database)
[DEBUG] 24-10-21 14:55:09 [StudentMapperTest:51] - Running with Spring Boot v3.3.4, Spring v6.1.13
[INFO ] 24-10-21 14:55:09 [StudentMapperTest:654] - No active profile set, falling back to 1 default profile: "default"
[DEBUG] 24-10-21 14:55:10 [LogFactory:109] - Logging initialized using 'class org.apache.ibatis.logging.slf4j.Slf4jImpl' adapter.
[INFO ] 24-10-21 14:55:11 [StudentMapperTest:56] - Started StudentMapperTest in 2.57 seconds (process running for 3.665)
[DEBUG] 24-10-21 14:55:13 [selectList:135] - ==>  Preparing: SELECT studno, name, userid, grade, idnum, DATE_FORMAT(birthdate, '%Y-%m-%d') AS birthdate, tel, height, weight, deptno, profno FROM student
[DEBUG] 24-10-21 14:55:13 [selectList:135] - ==> Parameters: 
[DEBUG] 24-10-21 14:55:13 [selectList:135] - <==      Total: 14
[DEBUG] 24-10-21 14:55:13 [StudentMapperTest:92] - output: Student(studno=10102, name=박미경, userid=ansel414, grade=1, idnum=8405162123648, birthdate=1984-05-16, tel=055)261-8947, height=168, weight=52, deptno=101, profno=null)
[DEBUG] 24-10-21 14:55:13 [StudentMapperTest:92] - output: Student(studno=10103, name=김영균, userid=mandu, grade=3, idnum=8103211063421, birthdate=1981-03-21, tel=051)824-9637, height=170, weight=88, deptno=101, profno=9906)
[DEBUG] 24-10-21 14:55:13 [StudentMapperTest:92] - output: Student(studno=10104, name=지은경, userid=gomo00, grade=2, idnum=8004122298371, birthdate=1980-04-12, tel=055)418-9627, height=161, weight=42, deptno=101, profno=9907)
[DEBUG] 24-10-21 14:55:13 [StudentMapperTest:92] - output: Student(studno=10105, name=임유진, userid=youjin12, grade=2, idnum=8301212196482, birthdate=1983-01-21, tel=02)312-9838, height=171, weight=54, deptno=101, profno=9907)
[DEBUG] 24-10-21 14:55:13 [StudentMapperTest:92] - output: Student(studno=10106, name=서재진, userid=seolly, grade=1, idnum=8511291186273, birthdate=1985-11-29, tel=051)239-4861, height=186, weight=72, deptno=101, profno=null)
[DEBUG] 24-10-21 14:55:13 [StudentMapperTest:92] - output: Student(studno=10108, name=류민정, userid=cleansky, grade=2, idnum=8108192157498, birthdate=1981-08-19, tel=055)248-3679, height=162, weight=72, deptno=101, profno=9907)
[DEBUG] 24-10-21 14:55:13 [StudentMapperTest:92] - output: Student(studno=10201, name=김진영, userid=simply, grade=2, idnum=8206062186327, birthdate=1982-06-06, tel=055)419-6328, height=164, weight=48, deptno=102, profno=9905)
[DEBUG] 24-10-21 14:55:13 [StudentMapperTest:92] - output: Student(studno=10202, name=오유석, userid=yousuk, grade=4, idnum=7709121128379, birthdate=1977-09-12, tel=051)724-9618, height=177, weight=92, deptno=102, profno=9905)
[DEBUG] 24-10-21 14:55:13 [StudentMapperTest:92] - output: Student(studno=10203, name=하나리, userid=hanal, grade=1, idnum=8501092378641, birthdate=1985-01-09, tel=055)296-3784, height=160, weight=68, deptno=102, profno=null)
[DEBUG] 24-10-21 14:55:13 [StudentMapperTest:92] - output: Student(studno=10204, name=윤진욱, userid=samba7, grade=3, idnum=7904021358671, birthdate=1979-04-02, tel=053)487-2698, height=171, weight=70, deptno=102, profno=9905)
[DEBUG] 24-10-21 14:55:13 [StudentMapperTest:92] - output: Student(studno=20101, name=이동훈, userid=dals, grade=1, idnum=8312101128467, birthdate=2024-10-07, tel=055)426-1752, height=172, weight=64, deptno=201, profno=null)
[DEBUG] 24-10-21 14:55:13 [StudentMapperTest:92] - output: Student(studno=20102, name=박동진, userid=ping2, grade=1, idnum=8511241639826, birthdate=1985-11-24, tel=051)742-6384, height=182, weight=70, deptno=201, profno=null)
[DEBUG] 24-10-21 14:55:13 [StudentMapperTest:92] - output: Student(studno=20108, name=이영빈, userid=bbangg0000, grade=1, idnum=0101010000000, birthdate=2001-01-01, tel=010-0000-0000, height=190, weight=80, deptno=201, profno=9920)
[DEBUG] 24-10-21 14:55:13 [StudentMapperTest:92] - output: Student(studno=20109, name=구본혁, userid=hyuk99, grade=2, idnum=9704050000000, birthdate=1997-04-05, tel=010-1111-2222, height=190, weight=80, deptno=309, profno=9920)
[INFO ] 24-10-21 14:59:38 [ProfessorMapperTest:50] - Starting ProfessorMapperTest using Java 17.0.2 with PID 15600 (started by user in D:\hyeon\08_Spring\08_database)
[DEBUG] 24-10-21 14:59:38 [ProfessorMapperTest:51] - Running with Spring Boot v3.3.4, Spring v6.1.13
[INFO ] 24-10-21 14:59:38 [ProfessorMapperTest:654] - No active profile set, falling back to 1 default profile: "default"
[DEBUG] 24-10-21 14:59:39 [LogFactory:109] - Logging initialized using 'class org.apache.ibatis.logging.slf4j.Slf4jImpl' adapter.
[INFO ] 24-10-21 14:59:40 [ProfessorMapperTest:56] - Started ProfessorMapperTest in 2.515 seconds (process running for 3.765)
[DEBUG] 24-10-21 14:59:41 [insert:135] - ==>  Preparing: INSERT INTO professor (name, userid, position, sal, hiredate, comm, deptno) VALUES (?, ?, ?, ?, ?, ?, ?)
[DEBUG] 24-10-21 14:59:41 [insert:135] - ==> Parameters: 이광호(String), leekh(String), 교수(String), 500(Integer), 2023-04-11(String), 100(Integer), 101(Integer)
[DEBUG] 24-10-21 14:59:41 [insert:135] - <==    Updates: 1
[DEBUG] 24-10-21 14:59:41 [ProfessorMapperTest:36] - output: 1
[DEBUG] 24-10-21 14:59:41 [ProfessorMapperTest:37] - new profno: 9925
[INFO ] 24-10-21 15:00:36 [ProfessorMapperTest:50] - Starting ProfessorMapperTest using Java 17.0.2 with PID 4916 (started by user in D:\hyeon\08_Spring\08_database)
[DEBUG] 24-10-21 15:00:36 [ProfessorMapperTest:51] - Running with Spring Boot v3.3.4, Spring v6.1.13
[INFO ] 24-10-21 15:00:36 [ProfessorMapperTest:654] - No active profile set, falling back to 1 default profile: "default"
[DEBUG] 24-10-21 15:00:37 [LogFactory:109] - Logging initialized using 'class org.apache.ibatis.logging.slf4j.Slf4jImpl' adapter.
[INFO ] 24-10-21 15:00:38 [ProfessorMapperTest:56] - Started ProfessorMapperTest in 2.414 seconds (process running for 3.545)
[DEBUG] 24-10-21 15:00:40 [update:135] - ==>  Preparing: UPDATE professor SET name=?, userid=?, position=?, sal=?, hiredate=?, comm=?, deptno=? WHERE profno=?
[DEBUG] 24-10-21 15:00:40 [update:135] - ==> Parameters: 이광호(String), hossam(String), 교수(String), 600(Integer), 2023-04-11(String), 90(Integer), 101(Integer), 9925(Integer)
[DEBUG] 24-10-21 15:00:40 [update:135] - <==    Updates: 1
[DEBUG] 24-10-21 15:00:40 [ProfessorMapperTest:55] - output: 1
[INFO ] 24-10-21 15:01:14 [ProfessorMapperTest:50] - Starting ProfessorMapperTest using Java 17.0.2 with PID 4728 (started by user in D:\hyeon\08_Spring\08_database)
[DEBUG] 24-10-21 15:01:14 [ProfessorMapperTest:51] - Running with Spring Boot v3.3.4, Spring v6.1.13
[INFO ] 24-10-21 15:01:14 [ProfessorMapperTest:654] - No active profile set, falling back to 1 default profile: "default"
[DEBUG] 24-10-21 15:01:15 [LogFactory:109] - Logging initialized using 'class org.apache.ibatis.logging.slf4j.Slf4jImpl' adapter.
[INFO ] 24-10-21 15:01:16 [ProfessorMapperTest:56] - Started ProfessorMapperTest in 2.55 seconds (process running for 3.699)
[DEBUG] 24-10-21 15:01:17 [delete:135] - ==>  Preparing: DELETE FROM professor WHERE profno = ?
[DEBUG] 24-10-21 15:01:17 [delete:135] - ==> Parameters: 9925(Integer)
[DEBUG] 24-10-21 15:01:17 [delete:135] - <==    Updates: 1
[DEBUG] 24-10-21 15:01:17 [ProfessorMapperTest:66] - output: 1
[INFO ] 24-10-21 15:01:47 [ProfessorMapperTest:50] - Starting ProfessorMapperTest using Java 17.0.2 with PID 4200 (started by user in D:\hyeon\08_Spring\08_database)
[DEBUG] 24-10-21 15:01:47 [ProfessorMapperTest:51] - Running with Spring Boot v3.3.4, Spring v6.1.13
[INFO ] 24-10-21 15:01:47 [ProfessorMapperTest:654] - No active profile set, falling back to 1 default profile: "default"
[DEBUG] 24-10-21 15:01:48 [LogFactory:109] - Logging initialized using 'class org.apache.ibatis.logging.slf4j.Slf4jImpl' adapter.
[INFO ] 24-10-21 15:01:49 [ProfessorMapperTest:56] - Started ProfessorMapperTest in 2.556 seconds (process running for 3.899)
[DEBUG] 24-10-21 15:01:51 [selectItem:135] - ==>  Preparing: SELECT profno, name, userid, position, sal, hiredate, comm, deptno FROM professor WHERE profno=?
[DEBUG] 24-10-21 15:01:51 [selectItem:135] - ==> Parameters: 9920(Integer)
[DEBUG] 24-10-21 15:01:51 [selectItem:135] - <==      Total: 1
[DEBUG] 24-10-21 15:01:51 [ProfessorMapperTest:77] - output: Professor(profno=9920, name=김현수, userid=hyun456, position=교수, sal=500, hiredate=2000-03-03 00:00:00, comm=60, deptno=103)
[INFO ] 24-10-21 15:01:55 [ProfessorMapperTest:50] - Starting ProfessorMapperTest using Java 17.0.2 with PID 14216 (started by user in D:\hyeon\08_Spring\08_database)
[DEBUG] 24-10-21 15:01:55 [ProfessorMapperTest:51] - Running with Spring Boot v3.3.4, Spring v6.1.13
[INFO ] 24-10-21 15:01:55 [ProfessorMapperTest:654] - No active profile set, falling back to 1 default profile: "default"
[DEBUG] 24-10-21 15:01:56 [LogFactory:109] - Logging initialized using 'class org.apache.ibatis.logging.slf4j.Slf4jImpl' adapter.
[INFO ] 24-10-21 15:01:57 [ProfessorMapperTest:56] - Started ProfessorMapperTest in 2.642 seconds (process running for 3.787)
[DEBUG] 24-10-21 15:01:58 [selectList:135] - ==>  Preparing: SELECT profno, name, userid, position, sal, hiredate, comm, deptno FROM professor
[DEBUG] 24-10-21 15:01:58 [selectList:135] - ==> Parameters: 
[DEBUG] 24-10-21 15:01:58 [selectList:135] - <==      Total: 6
[DEBUG] 24-10-21 15:01:58 [ProfessorMapperTest:86] - output: Professor(profno=9901, name=김도훈, userid=capool, position=교수, sal=500, hiredate=1982-06-12 00:00:00, comm=20, deptno=101)
[DEBUG] 24-10-21 15:01:58 [ProfessorMapperTest:86] - output: Professor(profno=9904, name=염일웅, userid=blue77, position=전임강사, sal=240, hiredate=1998-10-11 00:00:00, comm=null, deptno=102)
[DEBUG] 24-10-21 15:01:58 [ProfessorMapperTest:86] - output: Professor(profno=9905, name=권혁일, userid=refresh, position=교수, sal=450, hiredate=1986-02-11 00:00:00, comm=25, deptno=102)
[DEBUG] 24-10-21 15:01:58 [ProfessorMapperTest:86] - output: Professor(profno=9906, name=이만식, userid=pocari, position=부교수, sal=420, hiredate=1988-07-11 00:00:00, comm=null, deptno=101)
[DEBUG] 24-10-21 15:01:58 [ProfessorMapperTest:86] - output: Professor(profno=9907, name=전은지, userid=totoro, position=전임강사, sal=210, hiredate=2001-05-11 00:00:00, comm=null, deptno=101)
[DEBUG] 24-10-21 15:01:58 [ProfessorMapperTest:86] - output: Professor(profno=9920, name=김현수, userid=hyun456, position=교수, sal=500, hiredate=2000-03-03 00:00:00, comm=60, deptno=103)
[INFO ] 24-10-21 16:08:07 [MemberMapperTest:50] - Starting MemberMapperTest using Java 17.0.2 with PID 15548 (started by user in D:\hyeon\08_Spring\08_database)
[DEBUG] 24-10-21 16:08:07 [MemberMapperTest:51] - Running with Spring Boot v3.3.4, Spring v6.1.13
[INFO ] 24-10-21 16:08:07 [MemberMapperTest:654] - No active profile set, falling back to 1 default profile: "default"
[DEBUG] 24-10-21 16:08:08 [LogFactory:109] - Logging initialized using 'class org.apache.ibatis.logging.slf4j.Slf4jImpl' adapter.
[INFO ] 24-10-21 16:08:09 [MemberMapperTest:56] - Started MemberMapperTest in 2.507 seconds (process running for 3.729)
[DEBUG] 24-10-21 16:08:11 [insert:135] - ==>  Preparing: INSERT INTO members user_id, user_pw, user_name, email, phone, birthday, gender, postcode, addr1, addr2, is_out, is_admin, login_date, reg_date, edit_date) VALUES (?, ?, ?, ?, ?, ?, ?, ?, ?, ?, 'N', 'N', null, now(), now())
[DEBUG] 24-10-21 16:08:11 [insert:135] - ==> Parameters: chann(String), 1234qwer(String), 임찬규(String), chan123@gmail.com(String), 010-1234-5678(String), 19930101(String), M(String), 12345(String), 서울특별시(String), 잠실동(String)
[INFO ] 24-10-21 16:14:10 [MemberMapperTest:50] - Starting MemberMapperTest using Java 17.0.2 with PID 14000 (started by user in D:\hyeon\08_Spring\08_database)
[DEBUG] 24-10-21 16:14:10 [MemberMapperTest:51] - Running with Spring Boot v3.3.4, Spring v6.1.13
[INFO ] 24-10-21 16:14:10 [MemberMapperTest:654] - No active profile set, falling back to 1 default profile: "default"
[DEBUG] 24-10-21 16:14:10 [LogFactory:109] - Logging initialized using 'class org.apache.ibatis.logging.slf4j.Slf4jImpl' adapter.
[INFO ] 24-10-21 16:14:12 [MemberMapperTest:56] - Started MemberMapperTest in 2.664 seconds (process running for 3.824)
[DEBUG] 24-10-21 16:14:13 [insert:135] - ==>  Preparing: INSERT INTO members (user_id, user_pw, user_name, email, phone, birthday, gender, postcode, addr1, addr2, is_out, is_admin, login_date, reg_date, edit_date) VALUES (?, MD5?, ?, ?, ?, ?, ?, ?, ?, ?, 'N', 'N', null, now(), now())
[DEBUG] 24-10-21 16:14:13 [insert:135] - ==> Parameters: chann(String), 1234qwer(String), 임찬규(String), chan123@gmail.com(String), 010-1234-5678(String), 19930101(String), M(String), 12345(String), 서울특별시(String), 잠실동(String)
[INFO ] 24-10-21 16:18:07 [MemberMapperTest:50] - Starting MemberMapperTest using Java 17.0.2 with PID 7244 (started by user in D:\hyeon\08_Spring\08_database)
[DEBUG] 24-10-21 16:18:07 [MemberMapperTest:51] - Running with Spring Boot v3.3.4, Spring v6.1.13
[INFO ] 24-10-21 16:18:07 [MemberMapperTest:654] - No active profile set, falling back to 1 default profile: "default"
[DEBUG] 24-10-21 16:18:08 [LogFactory:109] - Logging initialized using 'class org.apache.ibatis.logging.slf4j.Slf4jImpl' adapter.
[INFO ] 24-10-21 16:18:09 [MemberMapperTest:56] - Started MemberMapperTest in 2.542 seconds (process running for 3.735)
[DEBUG] 24-10-21 16:18:10 [insert:135] - ==>  Preparing: INSERT INTO members (user_id, user_pw, user_name, email, phone, birthday, gender, postcode, addr1, addr2, is_out, is_admin, login_date, reg_date, edit_date) VALUES (?, MD5(?), ?, ?, ?, ?, ?, ?, ?, ?, 'N', 'N', null, now(), now())
[DEBUG] 24-10-21 16:18:10 [insert:135] - ==> Parameters: chann(String), 1234qwer(String), 임찬규(String), chan123@gmail.com(String), 010-1234-5678(String), 19930101(String), M(String), 12345(String), 서울특별시(String), 잠실동(String)
[DEBUG] 24-10-21 16:18:10 [insert:135] - <==    Updates: 1
[DEBUG] 24-10-21 16:18:10 [MemberMapperTest:44] - output: 1
[DEBUG] 24-10-21 16:18:10 [MemberMapperTest:45] - new id: 1
[INFO ] 24-10-21 16:20:54 [MemberMapperTest:50] - Starting MemberMapperTest using Java 17.0.2 with PID 15880 (started by user in D:\hyeon\08_Spring\08_database)
[DEBUG] 24-10-21 16:20:54 [MemberMapperTest:51] - Running with Spring Boot v3.3.4, Spring v6.1.13
[INFO ] 24-10-21 16:20:54 [MemberMapperTest:654] - No active profile set, falling back to 1 default profile: "default"
[DEBUG] 24-10-21 16:20:55 [LogFactory:109] - Logging initialized using 'class org.apache.ibatis.logging.slf4j.Slf4jImpl' adapter.
[INFO ] 24-10-21 16:20:57 [MemberMapperTest:56] - Started MemberMapperTest in 2.499 seconds (process running for 3.624)
[DEBUG] 24-10-21 16:20:58 [update:135] - ==>  Preparing: UPDATE members SET user_id=?, user_pw=MD5(?), user_name=?, email=?, phone=?, birthday=?, gender=?, postcode=?, addr1=?, addr2=?, is_out=?, is_admin=?, login_date=?, reg_date=?, edit_date=? WHERE id=?
[DEBUG] 24-10-21 16:20:58 [update:135] - ==> Parameters: channnn(String), 1234qwer(String), 임찬규(String), chan123@gmail.com(String), 010-3333-5678(String), 19930501(String), M(String), 78907(String), 서울특별시(String), 잠실동(String), N(String), N(String), null(String), now()(String), now()(String), 1(Integer)
[INFO ] 24-10-21 16:23:00 [MemberMapperTest:50] - Starting MemberMapperTest using Java 17.0.2 with PID 14360 (started by user in D:\hyeon\08_Spring\08_database)
[DEBUG] 24-10-21 16:23:00 [MemberMapperTest:51] - Running with Spring Boot v3.3.4, Spring v6.1.13
[INFO ] 24-10-21 16:23:00 [MemberMapperTest:654] - No active profile set, falling back to 1 default profile: "default"
[DEBUG] 24-10-21 16:23:01 [LogFactory:109] - Logging initialized using 'class org.apache.ibatis.logging.slf4j.Slf4jImpl' adapter.
[INFO ] 24-10-21 16:23:02 [MemberMapperTest:56] - Started MemberMapperTest in 2.51 seconds (process running for 3.634)
[DEBUG] 24-10-21 16:23:03 [update:135] - ==>  Preparing: UPDATE members SET user_id=?, user_pw=MD5(?), user_name=?, email=?, phone=?, birthday=?, gender=?, postcode=?, addr1=?, addr2=?, is_out=?, is_admin=?, login_date=?, reg_date=?, edit_date=? WHERE id=?
[DEBUG] 24-10-21 16:23:03 [update:135] - ==> Parameters: channnn(String), 1234qwer(String), 임찬규(String), chan123@gmail.com(String), 010-3333-5678(String), 19930501(String), M(String), 78907(String), 서울특별시(String), 잠실동(String), N(String), N(String), now()(String), now()(String), now()(String), 1(Integer)
[INFO ] 24-10-21 16:24:27 [MemberMapperTest:50] - Starting MemberMapperTest using Java 17.0.2 with PID 13016 (started by user in D:\hyeon\08_Spring\08_database)
[DEBUG] 24-10-21 16:24:27 [MemberMapperTest:51] - Running with Spring Boot v3.3.4, Spring v6.1.13
[INFO ] 24-10-21 16:24:27 [MemberMapperTest:654] - No active profile set, falling back to 1 default profile: "default"
[DEBUG] 24-10-21 16:24:28 [LogFactory:109] - Logging initialized using 'class org.apache.ibatis.logging.slf4j.Slf4jImpl' adapter.
[INFO ] 24-10-21 16:24:29 [MemberMapperTest:56] - Started MemberMapperTest in 2.564 seconds (process running for 3.674)
[DEBUG] 24-10-21 16:24:30 [update:135] - ==>  Preparing: UPDATE members SET user_id=?, user_pw=MD5(?), user_name=?, email=?, phone=?, birthday=?, gender=?, postcode=?, addr1=?, addr2=?, is_out=?, is_admin=?, login_date=?, reg_date=?, edit_date=? WHERE id=?
[DEBUG] 24-10-21 16:24:30 [update:135] - ==> Parameters: channnn(String), 1234qwer(String), 임찬규(String), chan123@gmail.com(String), 010-3333-5678(String), 19930501(String), M(String), 78907(String), 서울특별시(String), 잠실동(String), N(String), N(String), null, now()(String), now()(String), 1(Integer)
[INFO ] 24-10-21 16:26:09 [MemberMapperTest:50] - Starting MemberMapperTest using Java 17.0.2 with PID 14012 (started by user in D:\hyeon\08_Spring\08_database)
[DEBUG] 24-10-21 16:26:09 [MemberMapperTest:51] - Running with Spring Boot v3.3.4, Spring v6.1.13
[INFO ] 24-10-21 16:26:09 [MemberMapperTest:654] - No active profile set, falling back to 1 default profile: "default"
[DEBUG] 24-10-21 16:26:10 [LogFactory:109] - Logging initialized using 'class org.apache.ibatis.logging.slf4j.Slf4jImpl' adapter.
[INFO ] 24-10-21 16:26:11 [MemberMapperTest:56] - Started MemberMapperTest in 2.503 seconds (process running for 3.611)
[DEBUG] 24-10-21 16:26:12 [update:135] - ==>  Preparing: UPDATE members SET user_id=?, user_pw=MD5(?), user_name=?, email=?, phone=?, birthday=?, gender=?, postcode=?, addr1=?, addr2=?, is_out=?, is_admin=?, login_date=?, reg_date=?, edit_date=? WHERE id=?
[DEBUG] 24-10-21 16:26:12 [update:135] - ==> Parameters: channnn(String), 1234qwer(String), 임찬규(String), chan123@gmail.com(String), 010-3333-5678(String), 19930501(String), M(String), 78907(String), 서울특별시(String), 잠실동(String), N(String), N(String), 2024-10-21(String), 2024-10-21(String), 2024-10-21(String), 1(Integer)
[DEBUG] 24-10-21 16:26:12 [update:135] - <==    Updates: 1
[DEBUG] 24-10-21 16:26:12 [MemberMapperTest:71] - output: 1
[INFO ] 24-10-21 16:28:33 [MemberMapperTest:50] - Starting MemberMapperTest using Java 17.0.2 with PID 4680 (started by user in D:\hyeon\08_Spring\08_database)
[DEBUG] 24-10-21 16:28:33 [MemberMapperTest:51] - Running with Spring Boot v3.3.4, Spring v6.1.13
[INFO ] 24-10-21 16:28:33 [MemberMapperTest:654] - No active profile set, falling back to 1 default profile: "default"
[DEBUG] 24-10-21 16:28:34 [LogFactory:109] - Logging initialized using 'class org.apache.ibatis.logging.slf4j.Slf4jImpl' adapter.
[INFO ] 24-10-21 16:28:35 [MemberMapperTest:56] - Started MemberMapperTest in 2.297 seconds (process running for 3.365)
[DEBUG] 24-10-21 16:28:36 [insert:135] - ==>  Preparing: INSERT INTO members (user_id, user_pw, user_name, email, phone, birthday, gender, postcode, addr1, addr2, is_out, is_admin, login_date, reg_date, edit_date) VALUES (?, MD5(?), ?, ?, ?, ?, ?, ?, ?, ?, 'N', 'N', null, now(), now())
[DEBUG] 24-10-21 16:28:36 [insert:135] - ==> Parameters: chann(String), 1234qwer(String), 임찬규(String), chan123@gmail.com(String), 010-1234-5678(String), 19930101(String), M(String), 12345(String), 서울특별시(String), 잠실동(String)
[DEBUG] 24-10-21 16:28:36 [insert:135] - <==    Updates: 1
[DEBUG] 24-10-21 16:28:36 [MemberMapperTest:44] - output: 1
[DEBUG] 24-10-21 16:28:36 [MemberMapperTest:45] - new id: 2
[INFO ] 24-10-21 16:29:22 [MemberMapperTest:50] - Starting MemberMapperTest using Java 17.0.2 with PID 5840 (started by user in D:\hyeon\08_Spring\08_database)
[DEBUG] 24-10-21 16:29:22 [MemberMapperTest:51] - Running with Spring Boot v3.3.4, Spring v6.1.13
[INFO ] 24-10-21 16:29:22 [MemberMapperTest:654] - No active profile set, falling back to 1 default profile: "default"
[DEBUG] 24-10-21 16:29:23 [LogFactory:109] - Logging initialized using 'class org.apache.ibatis.logging.slf4j.Slf4jImpl' adapter.
[INFO ] 24-10-21 16:29:24 [MemberMapperTest:56] - Started MemberMapperTest in 2.813 seconds (process running for 3.879)
[DEBUG] 24-10-21 16:29:26 [insert:135] - ==>  Preparing: INSERT INTO members (user_id, user_pw, user_name, email, phone, birthday, gender, postcode, addr1, addr2, is_out, is_admin, login_date, reg_date, edit_date) VALUES (?, MD5(?), ?, ?, ?, ?, ?, ?, ?, ?, 'N', 'N', null, now(), now())
[DEBUG] 24-10-21 16:29:26 [insert:135] - ==> Parameters: jyson(String), 1234qwer(String), 손주영(String), ju@gmail.com(String), 010-6666-5678(String), 19930101(String), M(String), 12345(String), 서울특별시(String), 잠실동(String)
[DEBUG] 24-10-21 16:29:26 [insert:135] - <==    Updates: 1
[DEBUG] 24-10-21 16:29:26 [MemberMapperTest:44] - output: 1
[DEBUG] 24-10-21 16:29:26 [MemberMapperTest:45] - new id: 3
[INFO ] 24-10-21 16:29:45 [MemberMapperTest:50] - Starting MemberMapperTest using Java 17.0.2 with PID 16248 (started by user in D:\hyeon\08_Spring\08_database)
[DEBUG] 24-10-21 16:29:45 [MemberMapperTest:51] - Running with Spring Boot v3.3.4, Spring v6.1.13
[INFO ] 24-10-21 16:29:45 [MemberMapperTest:654] - No active profile set, falling back to 1 default profile: "default"
[DEBUG] 24-10-21 16:29:45 [LogFactory:109] - Logging initialized using 'class org.apache.ibatis.logging.slf4j.Slf4jImpl' adapter.
[INFO ] 24-10-21 16:29:47 [MemberMapperTest:56] - Started MemberMapperTest in 2.528 seconds (process running for 3.692)
[DEBUG] 24-10-21 16:29:48 [selectItem:135] - ==>  Preparing: SELECT id, user_id, user_pw, user_name, email, phone, birthday, gender, postcode, addr1, addr2, is_out, is_admin, login_date, reg_date, edit_date FROM members WHERE id=?
[DEBUG] 24-10-21 16:29:48 [selectItem:135] - ==> Parameters: 1(Integer)
[DEBUG] 24-10-21 16:29:48 [selectItem:135] - <==      Total: 1
[DEBUG] 24-10-21 16:29:48 [MemberMapperTest:93] - output: Member(id=1, userId=channnn, userPw=62c8ad0a15d9d1ca38d5dee762a16e01, userName=임찬규, email=chan123@gmail.com, phone=null, birthday=1993-05-01, gender=M, postcode=78907, addr1=서울특별시, addr2=잠실동, isOut=N, isAdmin=N, loginDate=2024-10-21 00:00:00, regDate=2024-10-21 00:00:00, editDate=2024-10-21 00:00:00)
[INFO ] 24-10-21 16:29:58 [MemberMapperTest:50] - Starting MemberMapperTest using Java 17.0.2 with PID 13128 (started by user in D:\hyeon\08_Spring\08_database)
[DEBUG] 24-10-21 16:29:58 [MemberMapperTest:51] - Running with Spring Boot v3.3.4, Spring v6.1.13
[INFO ] 24-10-21 16:29:58 [MemberMapperTest:654] - No active profile set, falling back to 1 default profile: "default"
[DEBUG] 24-10-21 16:29:59 [LogFactory:109] - Logging initialized using 'class org.apache.ibatis.logging.slf4j.Slf4jImpl' adapter.
[INFO ] 24-10-21 16:30:00 [MemberMapperTest:56] - Started MemberMapperTest in 2.519 seconds (process running for 3.608)
[DEBUG] 24-10-21 16:30:01 [selectList:135] - ==>  Preparing: SELECT id, user_id, user_pw, user_name, email, phone, DATE_FORMAT(birthday, '%Y-%m-%d') AS birthday, gender, postcode, addr1, addr2, is_out, is_admin, login_date, reg_date, edit_date FROM members
[DEBUG] 24-10-21 16:30:01 [selectList:135] - ==> Parameters: 
[DEBUG] 24-10-21 16:30:02 [selectList:135] - <==      Total: 3
[DEBUG] 24-10-21 16:30:02 [MemberMapperTest:102] - output: Member(id=1, userId=channnn, userPw=62c8ad0a15d9d1ca38d5dee762a16e01, userName=임찬규, email=chan123@gmail.com, phone=null, birthday=1993-05-01, gender=M, postcode=78907, addr1=서울특별시, addr2=잠실동, isOut=N, isAdmin=N, loginDate=2024-10-21 00:00:00, regDate=2024-10-21 00:00:00, editDate=2024-10-21 00:00:00)
[DEBUG] 24-10-21 16:30:02 [MemberMapperTest:102] - output: Member(id=2, userId=chann, userPw=62c8ad0a15d9d1ca38d5dee762a16e01, userName=임찬규, email=chan123@gmail.com, phone=null, birthday=1993-01-01, gender=M, postcode=12345, addr1=서울특별시, addr2=잠실동, isOut=N, isAdmin=N, loginDate=null, regDate=2024-10-21 16:28:36, editDate=2024-10-21 16:28:36)
[DEBUG] 24-10-21 16:30:02 [MemberMapperTest:102] - output: Member(id=3, userId=jyson, userPw=62c8ad0a15d9d1ca38d5dee762a16e01, userName=손주영, email=ju@gmail.com, phone=null, birthday=1993-01-01, gender=M, postcode=12345, addr1=서울특별시, addr2=잠실동, isOut=N, isAdmin=N, loginDate=null, regDate=2024-10-21 16:29:26, editDate=2024-10-21 16:29:26)
[INFO ] 24-10-21 16:30:26 [MemberMapperTest:50] - Starting MemberMapperTest using Java 17.0.2 with PID 15984 (started by user in D:\hyeon\08_Spring\08_database)
[DEBUG] 24-10-21 16:30:26 [MemberMapperTest:51] - Running with Spring Boot v3.3.4, Spring v6.1.13
[INFO ] 24-10-21 16:30:26 [MemberMapperTest:654] - No active profile set, falling back to 1 default profile: "default"
[DEBUG] 24-10-21 16:30:27 [LogFactory:109] - Logging initialized using 'class org.apache.ibatis.logging.slf4j.Slf4jImpl' adapter.
[INFO ] 24-10-21 16:30:28 [MemberMapperTest:56] - Started MemberMapperTest in 2.773 seconds (process running for 3.862)
[DEBUG] 24-10-21 16:30:30 [delete:135] - ==>  Preparing: DELETE FROM members WHERE id = ?
[DEBUG] 24-10-21 16:30:30 [delete:135] - ==> Parameters: 2(Integer)
[DEBUG] 24-10-21 16:30:30 [delete:135] - <==    Updates: 1
[DEBUG] 24-10-21 16:30:30 [MemberMapperTest:82] - output: 1
[INFO ] 24-10-21 16:31:46 [MemberMapperTest:50] - Starting MemberMapperTest using Java 17.0.2 with PID 6940 (started by user in D:\hyeon\08_Spring\08_database)
[DEBUG] 24-10-21 16:31:46 [MemberMapperTest:51] - Running with Spring Boot v3.3.4, Spring v6.1.13
[INFO ] 24-10-21 16:31:46 [MemberMapperTest:654] - No active profile set, falling back to 1 default profile: "default"
[DEBUG] 24-10-21 16:31:47 [LogFactory:109] - Logging initialized using 'class org.apache.ibatis.logging.slf4j.Slf4jImpl' adapter.
[INFO ] 24-10-21 16:31:48 [MemberMapperTest:56] - Started MemberMapperTest in 2.533 seconds (process running for 3.687)
[DEBUG] 24-10-21 16:31:50 [insert:135] - ==>  Preparing: INSERT INTO members (user_id, user_pw, user_name, email, phone, birthday, gender, postcode, addr1, addr2, is_out, is_admin, login_date, reg_date, edit_date) VALUES (?, MD5(?), ?, ?, ?, ?, ?, ?, ?, ?, 'N', 'N', null, now(), now())
[DEBUG] 24-10-21 16:31:50 [insert:135] - ==> Parameters: elly(String), 1234qwer(String), 엘리(String), ernandes@gmail.com(String), 010-6666-5678(String), 19960101(String), M(String), 12345(String), 서울특별시(String), 잠실동(String)
[DEBUG] 24-10-21 16:31:50 [insert:135] - <==    Updates: 1
[DEBUG] 24-10-21 16:31:50 [MemberMapperTest:44] - output: 1
[DEBUG] 24-10-21 16:31:50 [MemberMapperTest:45] - new id: 4
[INFO ] 24-10-21 16:32:11 [MemberMapperTest:50] - Starting MemberMapperTest using Java 17.0.2 with PID 15140 (started by user in D:\hyeon\08_Spring\08_database)
[DEBUG] 24-10-21 16:32:11 [MemberMapperTest:51] - Running with Spring Boot v3.3.4, Spring v6.1.13
[INFO ] 24-10-21 16:32:11 [MemberMapperTest:654] - No active profile set, falling back to 1 default profile: "default"
[DEBUG] 24-10-21 16:32:12 [LogFactory:109] - Logging initialized using 'class org.apache.ibatis.logging.slf4j.Slf4jImpl' adapter.
[INFO ] 24-10-21 16:32:13 [MemberMapperTest:56] - Started MemberMapperTest in 2.523 seconds (process running for 3.621)
[DEBUG] 24-10-21 16:32:15 [update:135] - ==>  Preparing: UPDATE members SET user_id=?, user_pw=MD5(?), user_name=?, email=?, phone=?, birthday=?, gender=?, postcode=?, addr1=?, addr2=?, is_out=?, is_admin=?, login_date=?, reg_date=?, edit_date=? WHERE id=?
[DEBUG] 24-10-21 16:32:15 [update:135] - ==> Parameters: channnn(String), 1234qwer(String), 임찬규(String), chan123@gmail.com(String), 010-3333-5678(String), 19930501(String), M(String), 78907(String), 서울특별시(String), 잠실동(String), N(String), N(String), 2024-10-21(String), 2024-10-21(String), 2024-10-21(String), 1(Integer)
[DEBUG] 24-10-21 16:32:15 [update:135] - <==    Updates: 1
[DEBUG] 24-10-21 16:32:15 [MemberMapperTest:71] - output: 1
[INFO ] 24-10-21 16:32:28 [MemberMapperTest:50] - Starting MemberMapperTest using Java 17.0.2 with PID 15700 (started by user in D:\hyeon\08_Spring\08_database)
[DEBUG] 24-10-21 16:32:28 [MemberMapperTest:51] - Running with Spring Boot v3.3.4, Spring v6.1.13
[INFO ] 24-10-21 16:32:28 [MemberMapperTest:654] - No active profile set, falling back to 1 default profile: "default"
[DEBUG] 24-10-21 16:32:29 [LogFactory:109] - Logging initialized using 'class org.apache.ibatis.logging.slf4j.Slf4jImpl' adapter.
[INFO ] 24-10-21 16:32:30 [MemberMapperTest:56] - Started MemberMapperTest in 2.718 seconds (process running for 4.103)
[DEBUG] 24-10-21 16:32:31 [delete:135] - ==>  Preparing: DELETE FROM members WHERE id = ?
[DEBUG] 24-10-21 16:32:31 [delete:135] - ==> Parameters: 3(Integer)
[DEBUG] 24-10-21 16:32:31 [delete:135] - <==    Updates: 1
[DEBUG] 24-10-21 16:32:31 [MemberMapperTest:82] - output: 1
[INFO ] 24-10-21 16:32:47 [MemberMapperTest:50] - Starting MemberMapperTest using Java 17.0.2 with PID 11548 (started by user in D:\hyeon\08_Spring\08_database)
[DEBUG] 24-10-21 16:32:47 [MemberMapperTest:51] - Running with Spring Boot v3.3.4, Spring v6.1.13
[INFO ] 24-10-21 16:32:47 [MemberMapperTest:654] - No active profile set, falling back to 1 default profile: "default"
[DEBUG] 24-10-21 16:32:48 [LogFactory:109] - Logging initialized using 'class org.apache.ibatis.logging.slf4j.Slf4jImpl' adapter.
[INFO ] 24-10-21 16:32:50 [MemberMapperTest:56] - Started MemberMapperTest in 2.636 seconds (process running for 3.679)
[DEBUG] 24-10-21 16:32:51 [selectItem:135] - ==>  Preparing: SELECT id, user_id, user_pw, user_name, email, phone, birthday, gender, postcode, addr1, addr2, is_out, is_admin, login_date, reg_date, edit_date FROM members WHERE id=?
[DEBUG] 24-10-21 16:32:51 [selectItem:135] - ==> Parameters: 1(Integer)
[DEBUG] 24-10-21 16:32:51 [selectItem:135] - <==      Total: 1
[DEBUG] 24-10-21 16:32:51 [MemberMapperTest:93] - output: Member(id=1, userId=channnn, userPw=62c8ad0a15d9d1ca38d5dee762a16e01, userName=임찬규, email=chan123@gmail.com, phone=null, birthday=1993-05-01, gender=M, postcode=78907, addr1=서울특별시, addr2=잠실동, isOut=N, isAdmin=N, loginDate=2024-10-21 00:00:00, regDate=2024-10-21 00:00:00, editDate=2024-10-21 00:00:00)
[INFO ] 24-10-21 16:33:05 [MemberMapperTest:50] - Starting MemberMapperTest using Java 17.0.2 with PID 10576 (started by user in D:\hyeon\08_Spring\08_database)
[DEBUG] 24-10-21 16:33:05 [MemberMapperTest:51] - Running with Spring Boot v3.3.4, Spring v6.1.13
[INFO ] 24-10-21 16:33:05 [MemberMapperTest:654] - No active profile set, falling back to 1 default profile: "default"
[DEBUG] 24-10-21 16:33:06 [LogFactory:109] - Logging initialized using 'class org.apache.ibatis.logging.slf4j.Slf4jImpl' adapter.
[INFO ] 24-10-21 16:33:08 [MemberMapperTest:56] - Started MemberMapperTest in 2.531 seconds (process running for 3.733)
[DEBUG] 24-10-21 16:33:09 [selectList:135] - ==>  Preparing: SELECT id, user_id, user_pw, user_name, email, phone, DATE_FORMAT(birthday, '%Y-%m-%d') AS birthday, gender, postcode, addr1, addr2, is_out, is_admin, login_date, reg_date, edit_date FROM members
[DEBUG] 24-10-21 16:33:09 [selectList:135] - ==> Parameters: 
[DEBUG] 24-10-21 16:33:09 [selectList:135] - <==      Total: 2
[DEBUG] 24-10-21 16:33:09 [MemberMapperTest:102] - output: Member(id=1, userId=channnn, userPw=62c8ad0a15d9d1ca38d5dee762a16e01, userName=임찬규, email=chan123@gmail.com, phone=null, birthday=1993-05-01, gender=M, postcode=78907, addr1=서울특별시, addr2=잠실동, isOut=N, isAdmin=N, loginDate=2024-10-21 00:00:00, regDate=2024-10-21 00:00:00, editDate=2024-10-21 00:00:00)
[DEBUG] 24-10-21 16:33:09 [MemberMapperTest:102] - output: Member(id=4, userId=elly, userPw=62c8ad0a15d9d1ca38d5dee762a16e01, userName=엘리, email=ernandes@gmail.com, phone=null, birthday=1996-01-01, gender=M, postcode=12345, addr1=서울특별시, addr2=잠실동, isOut=N, isAdmin=N, loginDate=null, regDate=2024-10-21 16:31:50, editDate=2024-10-21 16:31:50)
